"../../../Engine/Content/Functions/Engine_MaterialFunctions01/Opacity/CameraDepthFade.uasset" 0
"../../../Engine/Content/EngineMaterials/T_Default_Material_Grid_M.uasset" 1
"../../../Engine/Content/EngineMaterials/T_Default_Material_Grid_N.uasset" 2
"../../../Engine/Content/EngineMaterials/WorldGridMaterial.uasset" 3
"../../../Engine/Content/ArtTools/RenderToTexture/Meshes/S_1_Unit_Plane.uasset" 4
"../../../Engine/Content/EngineMaterials/DefaultMaterial.uasset" 5
"../../../Engine/Content/BasicShapes/Cone.uasset" 6
"../../../Engine/Content/BasicShapes/Cylinder.uasset" 7
"../../../Engine/Content/BasicShapes/Plane.uasset" 8
"../../../Engine/Content/EngineMaterials/DefaultPhysicalMaterial.uasset" 9
"../../../Engine/Content/BufferVisualization/AmbientOcclusion.uasset" 10
"../../../Engine/Content/BufferVisualization/BaseColor.uasset" 11
"../../../Engine/Content/BufferVisualization/CustomDepth.uasset" 12
"../../../Engine/Content/Functions/Engine_MaterialFunctions02/Utility/VectorLength.uasset" 13
"../../../Engine/Content/BufferVisualization/CustomDepthWorldUnits.uasset" 14
"../../../Engine/Content/Functions/Engine_MaterialFunctions02/Utility/BreakOutFloat2Components.uasset" 15
"../../../Engine/Content/Functions/Engine_MaterialFunctions01/Texturing/ScaleUVsByCenter.uasset" 16
"../../../Engine/Content/Functions/Engine_MaterialFunctions02/ScreenResolution.uasset" 17
"../../../Engine/Content/Functions/Engine_MaterialFunctions02/Texturing/ScreenAlignedUVs.uasset" 18
"../../../Engine/Content/Functions/Engine_MaterialFunctions02/Utility/MakeFloat2.uasset" 19
"../../../Engine/Content/Functions/Engine_MaterialFunctions02/Utility/MakeFloat3.uasset" 20
"../../../Engine/Content/EngineMaterials/MiniFont.uasset" 21
"../../../Engine/Content/BufferVisualization/CustomStencil.uasset" 22
"../../../Engine/Content/BufferVisualization/FinalImage.uasset" 23
"../../../Engine/Content/BufferVisualization/LightingModel.uasset" 24
"../../../Engine/Content/BufferVisualization/MaterialAO.uasset" 25
"../../../Engine/Content/BufferVisualization/Metallic.uasset" 26
"../../../Engine/Content/BufferVisualization/Opacity.uasset" 27
"../../../Engine/Content/BufferVisualization/PostTonemapHDRColor.uasset" 28
"../../../Engine/Content/BufferVisualization/PreTonemapHDRColor.uasset" 29
"../../../Engine/Content/BufferVisualization/Roughness.uasset" 30
"../../../Engine/Content/BufferVisualization/SceneColor.uasset" 31
"../../../Engine/Content/BufferVisualization/SceneDepth.uasset" 32
"../../../Engine/Content/BufferVisualization/SceneDepthWorldUnits.uasset" 33
"../../../Engine/Content/BufferVisualization/SeparateTranslucencyA.uasset" 34
"../../../Engine/Content/BufferVisualization/SeparateTranslucencyRGB.uasset" 35
"../../../Engine/Content/BufferVisualization/Specular.uasset" 36
"../../../Engine/Content/BufferVisualization/SubsurfaceColor.uasset" 37
"../../../Engine/Content/BufferVisualization/Velocity.uasset" 38
"../../../Engine/Content/BufferVisualization/WorldNormal.uasset" 39
"../../../Engine/Content/EditorLandscapeResources/DataLayer.uasset" 40
"../../../Engine/Content/EditorLandscapeResources/DefaultAlphaTexture.uasset" 41
"../../../Engine/Content/EditorLandscapeResources/LandscapeGizmoHeight_Mat.uasset" 42
"../../../Engine/Content/EditorLandscapeResources/LandscapeGizmo_Mat.uasset" 43
"../../../Engine/Content/EditorLandscapeResources/LandscapeGizmo_Mat_Copied.uasset" 44
"../../../Engine/Content/EditorLandscapeResources/SplineEditorMeshMat.uasset" 45
"../../../Engine/Content/EditorLandscapeResources/SplineEditorMesh.uasset" 46
"../../../Engine/Content/EditorMaterials/Cross.uasset" 47
"../../../Engine/Content/EditorMaterials/Cross_Mat.uasset" 48
"../../../Engine/Content/EditorMaterials/GizmoMaterial.uasset" 49
"../../../Engine/Content/Functions/Engine_MaterialFunctions02/ExampleContent/Textures/flipbook.uasset" 50
"../../../Engine/Content/Functions/Engine_MaterialFunctions02/Texturing/FlipBook.uasset" 51
"../../../Engine/Content/Functions/Engine_MaterialFunctions02/Utility/Sign.uasset" 52
"../../../Engine/Content/Functions/Engine_MaterialFunctions02/Utility/Round.uasset" 53
"../../../Engine/Content/EditorResources/T_EditorHelp.uasset" 54
"../../../Engine/Content/EditorMaterials/HelpActorMaterial.uasset" 55
"../../../Engine/Content/EditorMaterials/CompositeARGBLayer.uasset" 56
"../../../Engine/Content/EditorMaterials/TilingAALineIntegral.uasset" 57
"../../../Engine/Content/EditorMaterials/TilingAALineBoxFiltered.uasset" 58
"../../../Engine/Content/Functions/Engine_MaterialFunctions03/Procedurals/ComputeFilterWidth.uasset" 59
"../../../Engine/Content/EditorMaterials/TilingAADots.uasset" 60
"../../../Engine/Content/EngineMaterials/BlendFunc_DefBase.uasset" 61
"../../../Engine/Content/EngineMaterials/BlendFunc_DefBlend.uasset" 62
"../../../Engine/Content/Functions/Engine_MaterialFunctions03/Blends/Blend_Screen.uasset" 63
"../../../Engine/Content/EditorMaterials/TilingAAGrid.uasset" 64
"../../../Engine/Content/EditorMaterials/LevelGridMaterial.uasset" 65
"../../../Engine/Content/EditorMaterials/MakeCompositeARGBLayer.uasset" 66
"../../../Engine/Content/EditorResources/LevelGrid1DStripes.uasset" 67
"../../../Engine/Content/EditorMaterials/TextureGridCascaded1D.uasset" 68
"../../../Engine/Content/EditorMaterials/TextureGridCascaded2D.uasset" 69
"../../../Engine/Content/EditorMaterials/LevelGridMaterial2.uasset" 70
"../../../Engine/Content/EditorMaterials/MAT_Groups_Toggle.uasset" 71
"../../../Engine/Content/EditorMaterials/MAT_Groups_Visibility.uasset" 72
"../../../Engine/Content/EditorMaterials/PhAT_BoneSelectedMaterial.uasset" 73
"../../../Engine/Content/EditorMaterials/PhAT_ElemSelectedMaterial.uasset" 74
"../../../Engine/Content/EditorMaterials/PhAT_NoCollisionMaterial.uasset" 75
"../../../Engine/Content/EditorMaterials/PhAT_UnselectedMaterial.uasset" 76
"../../../Engine/Content/EditorMaterials/PreviewShadowIndicator.uasset" 77
"../../../Engine/Content/EditorMaterials/PreviewShadowIndicatorMaterial.uasset" 78
"../../../Engine/Content/EditorMaterials/TargetIcon.uasset" 79
"../../../Engine/Content/EditorMaterials/Tick.uasset" 80
"../../../Engine/Content/EditorMaterials/Tick_Mat.uasset" 81
"../../../Engine/Content/EditorMaterials/WidgetGridVertexColorMaterial.uasset" 82
"../../../Engine/Content/EditorMaterials/WidgetGridVertexColorMaterial_Ma.uasset" 83
"../../../Engine/Content/EditorMaterials/WidgetMaterial.uasset" 84
"../../../Engine/Content/EditorMaterials/WidgetMaterial_Current.uasset" 85
"../../../Engine/Content/EditorMaterials/WidgetMaterial_X.uasset" 86
"../../../Engine/Content/EditorMaterials/WidgetMaterial_Y.uasset" 87
"../../../Engine/Content/EditorMaterials/WidgetMaterial_Z.uasset" 88
"../../../Engine/Content/EditorMaterials/WidgetVertexColorMaterial.uasset" 89
"../../../Engine/Content/EditorMaterials/MatineeGroups/MAT_ColorTrack.uasset" 90
"../../../Engine/Content/EditorMaterials/MatineeGroups/MAT_Groups_Anim.uasset" 91
"../../../Engine/Content/EditorMaterials/MatineeGroups/MAT_Groups_AudioMaster.uasset" 92
"../../../Engine/Content/EditorMaterials/MatineeGroups/MAT_Groups_Director.uasset" 93
"../../../Engine/Content/EditorMaterials/MatineeGroups/MAT_Groups_Event.uasset" 94
"../../../Engine/Content/EditorMaterials/MatineeGroups/MAT_Groups_Fade.uasset" 95
"../../../Engine/Content/EditorMaterials/MatineeGroups/MAT_Groups_Float.uasset" 96
"../../../Engine/Content/EditorMaterials/MatineeGroups/MAT_Groups_Move.uasset" 97
"../../../Engine/Content/EditorMaterials/MatineeGroups/MAT_Groups_Slomo.uasset" 98
"../../../Engine/Content/EditorMaterials/MatineeGroups/MAT_Groups_Sound.uasset" 99
"../../../Engine/Content/EditorMaterials/MatineeGroups/MAT_Groups_Vector.uasset" 100
"../../../Engine/Content/EditorMaterials/ParticleSystems/PSysThumbnail_NoImage.uasset" 101
"../../../Engine/Content/EditorMaterials/ParticleSystems/PSysThumbnail_OOD.uasset" 102
"../../../Engine/Content/EngineMaterials/Grid.uasset" 103
"../../../Engine/Content/EditorMaterials/Thumbnails/FloorPlaneMaterial.uasset" 104
"../../../Engine/Content/EditorMeshes/EditorCube.uasset" 105
"../../../Engine/Content/EditorMeshes/EditorCylinder.uasset" 106
"../../../Engine/Content/EditorMeshes/EditorPlane.uasset" 107
"../../../Engine/Content/EditorMaterials/Thumbnails/SkySphereMaterial.uasset" 108
"../../../Engine/Content/EditorMeshes/EditorSkySphere.uasset" 109
"../../../Engine/Content/EditorMeshes/EditorSphere.uasset" 110
"../../../Engine/Content/EditorResources/MatineeCam_D.uasset" 111
"../../../Engine/Content/EditorMaterials/MatineeCam_mat.uasset" 112
"../../../Engine/Content/EditorMeshes/MatineeCam_SM.uasset" 113
"../../../Engine/Content/EditorMeshes/PlanarReflectionPlane.uasset" 114
"../../../Engine/Content/EditorMaterials/Camera/CineMat.uasset" 115
"../../../Engine/Content/EditorMaterials/Camera/MI_CineMat_CameraBody.uasset" 116
"../../../Engine/Content/EngineDebugMaterials/M_SimpleOpaque.uasset" 117
"../../../Engine/Content/EditorMaterials/Camera/MI_CineMat_CamViewFinder.uasset" 118
"../../../Engine/Content/EditorMeshes/Camera/SM_CineCam.uasset" 119
"../../../Engine/Content/EditorMaterials/Camera/MI_CineMat_Rig.uasset" 120
"../../../Engine/Content/EditorMeshes/Camera/SM_CraneRig_Arm.uasset" 121
"../../../Engine/Content/EditorMeshes/Camera/SM_CraneRig_Base.uasset" 122
"../../../Engine/Content/EditorMeshes/Camera/SM_CraneRig_Body.uasset" 123
"../../../Engine/Content/EditorMeshes/Camera/SM_CraneRig_Mount.uasset" 124
"../../../Engine/Content/EditorMeshes/Camera/SM_RailRig_Mount.uasset" 125
"../../../Engine/Content/EditorMeshes/Camera/SM_RailRig_Track.uasset" 126
"../../../Engine/Content/EditorMeshes/ColorCalibrator/M_ChromeBall.uasset" 127
"../../../Engine/Content/EditorResources/Bad.uasset" 128
"../../../Engine/Content/EditorResources/BSPVertex.uasset" 129
"../../../Engine/Content/EditorResources/EmptyActor.uasset" 130
"../../../Engine/Content/EditorResources/MatInstActSprite.uasset" 131
"../../../Engine/Content/EditorResources/SceneManager.uasset" 132
"../../../Engine/Content/EditorResources/SmallFont.uasset" 133
"../../../Engine/Content/EditorResources/S_Actor.uasset" 134
"../../../Engine/Content/EditorResources/S_DecalActorIcon.uasset" 135
"../../../Engine/Content/EditorResources/S_Emitter.uasset" 136
"../../../Engine/Content/EditorResources/S_ExpoHeightFog.uasset" 137
"../../../Engine/Content/EditorResources/S_FTest.uasset" 138
"../../../Engine/Content/EditorResources/S_KBSJoint.uasset" 139
"../../../Engine/Content/EditorResources/S_KHinge.uasset" 140
"../../../Engine/Content/EditorResources/S_KPrismatic.uasset" 141
"../../../Engine/Content/EditorResources/S_LevelSequence.uasset" 142
"../../../Engine/Content/EditorResources/S_NavP.uasset" 143
"../../../Engine/Content/EditorResources/S_Note.uasset" 144
"../../../Engine/Content/EditorResources/S_Player.uasset" 145
"../../../Engine/Content/EditorResources/S_PortalActorIcon2.uasset" 146
"../../../Engine/Content/EditorResources/S_RadForce.uasset" 147
"../../../Engine/Content/EditorResources/S_ReflActorIcon.uasset" 148
"../../../Engine/Content/EditorResources/S_Terrain.uasset" 149
"../../../Engine/Content/EditorResources/S_TextRenderActorIcon.uasset" 150
"../../../Engine/Content/EditorResources/S_Thruster.uasset" 151
"../../../Engine/Content/EditorResources/S_Trigger.uasset" 152
"../../../Engine/Content/EditorResources/S_VectorFieldVol.uasset" 153
"../../../Engine/Content/EditorResources/S_WindDirectional.uasset" 154
"../../../Engine/Content/EditorResources/AI/S_NavLink.uasset" 155
"../../../Engine/Content/EditorResources/LightIcons/SkyLight.uasset" 156
"../../../Engine/Content/EditorResources/LightIcons/S_LightDirectional.uasset" 157
"../../../Engine/Content/EditorResources/LightIcons/S_LightDirectionalMove.uasset" 158
"../../../Engine/Content/EditorResources/LightIcons/S_LightError.uasset" 159
"../../../Engine/Content/EditorResources/LightIcons/S_LightPoint.uasset" 160
"../../../Engine/Content/EditorResources/LightIcons/S_LightPointMove.uasset" 161
"../../../Engine/Content/EditorResources/LightIcons/S_LightSpot.uasset" 162
"../../../Engine/Content/EditorResources/LightIcons/S_LightSpotMove.uasset" 163
"../../../Engine/Content/EditorResources/SequenceRecorder/Countdown.uasset" 164
"../../../Engine/Content/EditorResources/SequenceRecorder/RecordingIndicator.uasset" 165
"../../../Engine/Content/EditorResources/Spline/T_Loft_Spline.uasset" 166
"../../../Engine/Content/EditorSounds/Notifications/CompileFailed.uasset" 167
"../../../Engine/Content/EditorSounds/Notifications/CompileFailed_Cue.uasset" 168
"../../../Engine/Content/EditorSounds/Notifications/CompileSuccess.uasset" 169
"../../../Engine/Content/EditorSounds/Notifications/CompileStart_Cue.uasset" 170
"../../../Engine/Content/EditorSounds/Notifications/CompileSuccess_Cue.uasset" 171
"../../../Engine/Content/EngineDamageTypes/DmgTypeBP_Environmental.uasset" 172
"../../../Engine/Content/EngineDebugMaterials/HeatmapGradient.uasset" 173
"../../../Engine/Content/EngineDebugMaterials/BoneWeightMaterial.uasset" 174
"../../../Engine/Content/EngineDebugMaterials/ClothMaterial.uasset" 175
"../../../Engine/Content/EngineDebugMaterials/ClothMaterial_WF.uasset" 176
"../../../Engine/Content/EngineDebugMaterials/DebugEditorMaterial.uasset" 177
"../../../Engine/Content/EngineDebugMaterials/DebugMeshMaterial.uasset" 178
"../../../Engine/Content/EngineDebugMaterials/GeomMaterial.uasset" 179
"../../../Engine/Content/Functions/Engine_MaterialFunctions01/Shading/ConvertFromDiffSpec.uasset" 180
"../../../Engine/Content/EngineDebugMaterials/LevelColorationLitMaterial.uasset" 181
"../../../Engine/Content/EngineDebugMaterials/LevelColorationUnlitMaterial.uasset" 182
"../../../Engine/Content/EngineMaterials/DefaultWhiteGrid.uasset" 183
"../../../Engine/Content/EngineDebugMaterials/MAT_LevelColorationLitLightmapUV.uasset" 184
"../../../Engine/Content/EngineDebugMaterials/M_SimpleTranslucent.uasset" 185
"../../../Engine/Content/EngineDebugMaterials/ShadedLevelColorationLitMaterial.uasset" 186
"../../../Engine/Content/EngineDebugMaterials/ShadedLevelColorationUnlitMateri.uasset" 187
"../../../Engine/Content/EngineDebugMaterials/VertexColorMaterial.uasset" 188
"../../../Engine/Content/EngineDebugMaterials/VertexColorViewMode_AlphaAsColor.uasset" 189
"../../../Engine/Content/EngineDebugMaterials/VertexColorViewMode_BlueOnly.uasset" 190
"../../../Engine/Content/EngineDebugMaterials/VertexColorViewMode_ColorOnly.uasset" 191
"../../../Engine/Content/EngineDebugMaterials/VertexColorViewMode_GreenOnly.uasset" 192
"../../../Engine/Content/EngineDebugMaterials/VertexColorViewMode_RedOnly.uasset" 193
"../../../Engine/Content/EngineDebugMaterials/WireframeMaterial.uasset" 194
"../../../Engine/Content/EngineFonts/Faces/RobotoBold.uasset" 195
"../../../Engine/Content/EngineFonts/Faces/RobotoBoldItalic.uasset" 196
"../../../Engine/Content/EngineFonts/Faces/RobotoItalic.uasset" 197
"../../../Engine/Content/EngineFonts/Faces/RobotoLight.uasset" 198
"../../../Engine/Content/EngineFonts/Faces/RobotoRegular.uasset" 199
"../../../Engine/Content/EngineFonts/Roboto.uasset" 200
"../../../Engine/Content/EngineFonts/Faces/RobotoTiny.uasset" 201
"../../../Engine/Content/EngineFonts/RobotoTiny.uasset" 202
"../../../Engine/Content/EngineFonts/SmallFont.uasset" 203
"../../../Engine/Content/EngineFonts/TinyFont.uasset" 204
"../../../Engine/Content/EngineMaterials/BaseFlattenDiffuseMap.uasset" 205
"../../../Engine/Content/EngineMaterials/BaseFlattenEmissiveMap.uasset" 206
"../../../Engine/Content/EngineMaterials/BaseFlattenGrayscaleMap.uasset" 207
"../../../Engine/Content/EngineMaterials/BaseFlattenNormalMap.uasset" 208
"../../../Engine/Content/EngineMaterials/BaseFlattenMaterial.uasset" 209
"../../../Engine/Content/EngineResources/WhiteSquareTexture.uasset" 210
"../../../Engine/Content/EngineMaterials/BlinkingCaret.uasset" 211
"../../../Engine/Content/EngineMaterials/DefaultBloomKernel.uasset" 212
"../../../Engine/Content/EngineMaterials/DefaultBokeh.uasset" 213
"../../../Engine/Content/EngineMaterials/DefaultDiffuse.uasset" 214
"../../../Engine/Content/EngineMaterials/DefaultDeferredDecalMaterial.uasset" 215
"../../../Engine/Content/EngineMaterials/DefaultLightFunctionMaterial.uasset" 216
"../../../Engine/Content/EngineMaterials/DefaultNormal.uasset" 217
"../../../Engine/Content/EngineMaterials/DefaultPostProcessMaterial.uasset" 218
"../../../Engine/Content/EngineFonts/RobotoDistanceField.uasset" 219
"../../../Engine/Content/EngineMaterials/DefaultTextMaterialOpaque.uasset" 220
"../../../Engine/Content/EngineMaterials/EditorBrushMaterial.uasset" 221
"../../../Engine/Content/EngineMaterials/Grid_N.uasset" 222
"../../../Engine/Content/EngineMaterials/HighResolutionScreenshotMaskFunction.uasset" 223
"../../../Engine/Content/EngineMaterials/HighResScreenshot.uasset" 224
"../../../Engine/Content/EngineMaterials/HighResScreenshotCaptureRegion.uasset" 225
"../../../Engine/Content/EngineMaterials/HighResScreenshotMask.uasset" 226
"../../../Engine/Content/EngineMaterials/LandscapeHolePhysicalMaterial.uasset" 227
"../../../Engine/Content/EngineMaterials/InvalidLightmapSettings.uasset" 228
"../../../Engine/Content/EngineMaterials/M_InvalidLightmapSettings.uasset" 229
"../../../Engine/Content/EngineMaterials/PaperDiffuse.uasset" 230
"../../../Engine/Content/EngineMaterials/PaperNormal.uasset" 231
"../../../Engine/Content/Functions/Engine_MaterialFunctions02/WorldPositionOffset/CameraOffset.uasset" 232
"../../../Engine/Content/EngineMaterials/PhAT_JointLimitMaterial.uasset" 233
"../../../Engine/Content/EngineMaterials/PhysMat_Rubber.uasset" 234
"../../../Engine/Content/EngineMaterials/PreintegratedSkinBRDF.uasset" 235
"../../../Engine/Content/EngineMaterials/RemoveSurfaceMaterial.uasset" 236
"../../../Engine/Content/EngineMaterials/WeightMapPlaceholderTexture.uasset" 237
"../../../Engine/Content/EngineMaterials/Widget3DPassThrough.uasset" 238
"../../../Engine/Content/EngineMaterials/Widget3DPassThrough_Masked.uasset" 239
"../../../Engine/Content/EngineMaterials/Widget3DPassThrough_Opaque.uasset" 240
"../../../Engine/Content/EngineMaterials/Widget3DPassThrough_Masked_OneSided.uasset" 241
"../../../Engine/Content/EngineMaterials/Widget3DPassThrough_Opaque_OneSided.uasset" 242
"../../../Engine/Content/EngineMaterials/Widget3DPassThrough_Translucent.uasset" 243
"../../../Engine/Content/EngineMaterials/Widget3DPassThrough_Translucent_OneSided.uasset" 244
"../../../Engine/Content/EngineMeshes/Cylinder.uasset" 245
"../../../Engine/Content/EngineMeshes/Sphere.uasset" 246
"../../../Engine/Content/EngineResources/Black.uasset" 247
"../../../Engine/Content/EngineResources/DefaultTexture.uasset" 248
"../../../Engine/Content/EngineResources/DefaultTextureCube.uasset" 249
"../../../Engine/Content/EngineResources/DefaultVolumeTexture2D.uasset" 250
"../../../Engine/Content/EngineResources/DefaultVolumeTexture.uasset" 251
"../../../Engine/Content/EngineResources/GradientTexture0.uasset" 252
"../../../Engine/Content/EngineResources/StreamingPauseIcon.uasset" 253
"../../../Engine/Content/EngineResources/M_StreamingPause.uasset" 254
"../../../Engine/Content/EngineSounds/Master.uasset" 255
"../../../Engine/Content/Functions/Engine_MaterialFunctions01/Shading/PowerToRoughness.uasset" 256
"../../../Engine/Content/Maps/Templates/Thumbnails/Default.uasset" 257
"../../../Engine/Content/Maps/Templates/Thumbnails/VR-Basic.uasset" 258
"../../../Engine/Content/MapTemplates/Sky/DaylightAmbientCubemap.uasset" 259
"../../../Engine/Content/MobileResources/T_MobileControls_texture.uasset" 260
"../../../Engine/Content/MobileResources/T_MobileMenu2.uasset" 261
"../../../Engine/Content/MobileResources/HUD/AnalogHat.uasset" 262
"../../../Engine/Content/MobileResources/HUD/VirtualJoystick_Background.uasset" 263
"../../../Engine/Content/MobileResources/HUD/VirtualJoystick_Thumb.uasset" 264
"../../../Engine/Content/MobileResources/HUD/DefaultVirtualJoysticks.uasset" 265
"../../../Engine/Content/MobileResources/HUD/LeftVirtualJoystickOnly.uasset" 266
"../../../Engine/Content/MobileResources/HUD/MobileHUDButton1_off.uasset" 267
"../../../Engine/Content/MobileResources/HUD/MobileHUDButton1_on.uasset" 268
"../../../Engine/Content/MobileResources/HUD/MobileHUDButton2_off.uasset" 269
"../../../Engine/Content/MobileResources/HUD/MobileHUDButton2_on.uasset" 270
"../../../Engine/Content/MobileResources/HUD/MobileHUDButton3.uasset" 271
"../../../Engine/Content/MobileResources/HUD/MobileHUDButtonFire.uasset" 272
"../../../Engine/Content/MobileResources/HUD/MobileHUDDirectionPad.uasset" 273
"../../../Engine/Content/MobileResources/HUD/MobileHUDDirectionPad2.uasset" 274
"../../../Engine/Content/MobileResources/HUD/MobileHUDDirectionPad3.uasset" 275
"../../../Engine/Content/MobileResources/HUD/MobileHUDDirectionStick.uasset" 276
"../../../Engine/Content/MobileResources/HUD/T_Castle_ThumbstickInner.uasset" 277
"../../../Engine/Content/MobileResources/HUD/T_Castle_ThumbstickOutter.uasset" 278
"../../../Engine/Content/Tutorial/ContentIntroCurve.uasset" 279
"../../../Engine/Content/Tutorial/Basics/LevelEditorAttract.uasset" 280
"../../../Engine/Content/Tutorial/Basics/TutorialAssets/icon_tab_Levels_40x.uasset" 281
"../../../Engine/Content/Tutorial/Basics/LevelEditorOverview.uasset" 282
"../../../Engine/Content/Tutorial/BlueprintTutorials/TutorialAssets/Blueprint_64x.uasset" 283
"../../../Engine/Content/Tutorial/BlueprintTutorials/BlueprintEditorTutorial.uasset" 284
"../../../Engine/Content/Tutorial/Foliage/TutorialAssets/Foliage.uasset" 285
"../../../Engine/Content/Tutorial/Foliage/Foliage_Intro_Tutorial.uasset" 286
"../../../Engine/Content/Tutorial/Foliage/Foliage_Settings_Tutorial.uasset" 287
"../../../Engine/Content/Tutorial/Foliage/Foliage_Using_The_Tool_Tutorial.uasset" 288
"../../../Engine/Content/Tutorial/Landscape/TutorialAssets/Landscape.uasset" 289
"../../../Engine/Content/Tutorial/Landscape/LandscapeWalkThrough.uasset" 290
"../../../Engine/Content/Tutorial/Landscape/Landscape_Manage_Mode.uasset" 291
"../../../Engine/Content/EditorBlueprintResources/StandardMacros.uasset" 292
"../../../Engine/Content/Tutorial/Landscape/Landscape_Painting_Mode.uasset" 293
"../../../Engine/Content/Tutorial/Landscape/Landscape_Sculpt_Mode.uasset" 294
"../../../Engine/Content/Tutorial/SubEditors/GettingSubstance.uasset" 295
"../../../Engine/Content/VREditor/LaserPointer/VR_LaserPower_01.uasset" 296
"../../../Engine/Content/VREditor/TransformGizmo/TransformGizmoMaterial.uasset" 297
"../../../Engine/Content/VREditor/TransformGizmo/TranslucentTransformGizmoMaterial.uasset" 298
"../../../Engine/Content/VREditor/TransformGizmo/BoundingBoxCorner.uasset" 299
"../../../Engine/Content/VREditor/TransformGizmo/BoundingBoxEdge.uasset" 300
"../../../Engine/Content/VREditor/TransformGizmo/PlaneTranslationHandle.uasset" 301
"../../../Engine/Content/VREditor/TransformGizmo/Main.uasset" 302
"../../../Engine/Content/VREditor/TransformGizmo/Xray.uasset" 303
"../../../Engine/Content/VREditor/TransformGizmo/SM_Sequencer_Key.uasset" 304
"../../../Engine/Content/VREditor/TransformGizmo/SM_Sequencer_Node.uasset" 305
"A:/MetalForces/Metal-Forces/Content/FootstepSound/Sounds/WaveFiles/Footsteps_Mono/Female/Carpet/carpet_heels_1.uasset" 306
"A:/MetalForces/Metal-Forces/Content/FootstepSound/Sounds/WaveFiles/Footsteps_Mono/Female/Carpet/carpet_heels_2.uasset" 307
"A:/MetalForces/Metal-Forces/Content/FootstepSound/Sounds/WaveFiles/Footsteps_Mono/Female/Carpet/carpet_heels_3.uasset" 308
"A:/MetalForces/Metal-Forces/Content/FootstepSound/Sounds/WaveFiles/Footsteps_Mono/Female/Carpet/carpet_heels_4.uasset" 309
"A:/MetalForces/Metal-Forces/Content/FootstepSound/Sounds/WaveFiles/Footsteps_Mono/Female/Carpet/carpet_heels_5.uasset" 310
"A:/MetalForces/Metal-Forces/Content/FootstepSound/Sounds/WaveFiles/Footsteps_Mono/Female/Carpet/carpet_heels_6.uasset" 311
"A:/MetalForces/Metal-Forces/Content/FootstepSound/Sounds/WaveFiles/Footsteps_Mono/Female/Concrete/Concrete_Heels_1.uasset" 312
"A:/MetalForces/Metal-Forces/Content/FootstepSound/Sounds/WaveFiles/Footsteps_Mono/Female/Concrete/Concrete_Heels_2.uasset" 313
"A:/MetalForces/Metal-Forces/Content/FootstepSound/Sounds/WaveFiles/Footsteps_Mono/Female/Concrete/Concrete_Heels_3.uasset" 314
"A:/MetalForces/Metal-Forces/Content/FootstepSound/Sounds/WaveFiles/Footsteps_Mono/Female/Concrete/Concrete_Heels_4.uasset" 315
"A:/MetalForces/Metal-Forces/Content/FootstepSound/Sounds/WaveFiles/Footsteps_Mono/Female/Concrete/Concrete_Heels_5.uasset" 316
"A:/MetalForces/Metal-Forces/Content/FootstepSound/Sounds/WaveFiles/Footsteps_Mono/Female/Concrete/Concrete_Heels_6.uasset" 317
"A:/MetalForces/Metal-Forces/Content/FootstepSound/Sounds/WaveFiles/Footsteps_Mono/Female/Grass/Grass_Heels_1.uasset" 318
"A:/MetalForces/Metal-Forces/Content/FootstepSound/Sounds/WaveFiles/Footsteps_Mono/Female/Grass/Grass_Heels_2.uasset" 319
"A:/MetalForces/Metal-Forces/Content/FootstepSound/Sounds/WaveFiles/Footsteps_Mono/Female/Grass/Grass_Heels_3.uasset" 320
"A:/MetalForces/Metal-Forces/Content/FootstepSound/Sounds/WaveFiles/Footsteps_Mono/Female/Grass/Grass_Heels_4.uasset" 321
"A:/MetalForces/Metal-Forces/Content/FootstepSound/Sounds/WaveFiles/Footsteps_Mono/Female/Grass/Grass_Heels_5.uasset" 322
"A:/MetalForces/Metal-Forces/Content/FootstepSound/Sounds/WaveFiles/Footsteps_Mono/Female/Grass/Grass_Heels_6.uasset" 323
"A:/MetalForces/Metal-Forces/Content/FootstepSound/Sounds/WaveFiles/Footsteps_Mono/Female/Gravel/Gravel_Heels_1.uasset" 324
"A:/MetalForces/Metal-Forces/Content/FootstepSound/Sounds/WaveFiles/Footsteps_Mono/Female/Gravel/Gravel_Heels_2.uasset" 325
"A:/MetalForces/Metal-Forces/Content/FootstepSound/Sounds/WaveFiles/Footsteps_Mono/Female/Gravel/Gravel_Heels_3.uasset" 326
"A:/MetalForces/Metal-Forces/Content/FootstepSound/Sounds/WaveFiles/Footsteps_Mono/Female/Gravel/Gravel_Heels_4.uasset" 327
"A:/MetalForces/Metal-Forces/Content/FootstepSound/Sounds/WaveFiles/Footsteps_Mono/Female/Gravel/Gravel_Heels_5.uasset" 328
"A:/MetalForces/Metal-Forces/Content/FootstepSound/Sounds/WaveFiles/Footsteps_Mono/Female/Gravel/Gravel_Heels_6.uasset" 329
"A:/MetalForces/Metal-Forces/Content/FootstepSound/Sounds/WaveFiles/Footsteps_Mono/Female/Ground/Ground_Heels_1.uasset" 330
"A:/MetalForces/Metal-Forces/Content/FootstepSound/Sounds/WaveFiles/Footsteps_Mono/Female/Ground/Ground_Heels_2.uasset" 331
"A:/MetalForces/Metal-Forces/Content/FootstepSound/Sounds/WaveFiles/Footsteps_Mono/Female/Ground/Ground_Heels_3.uasset" 332
"A:/MetalForces/Metal-Forces/Content/FootstepSound/Sounds/WaveFiles/Footsteps_Mono/Female/Ground/Ground_Heels_4.uasset" 333
"A:/MetalForces/Metal-Forces/Content/FootstepSound/Sounds/WaveFiles/Footsteps_Mono/Female/Ground/Ground_Heels_5.uasset" 334
"A:/MetalForces/Metal-Forces/Content/FootstepSound/Sounds/WaveFiles/Footsteps_Mono/Female/Ground/Ground_Heels_6.uasset" 335
"A:/MetalForces/Metal-Forces/Content/FootstepSound/Sounds/WaveFiles/Footsteps_Mono/Female/Metal/Metal_Heels_1.uasset" 336
"A:/MetalForces/Metal-Forces/Content/FootstepSound/Sounds/WaveFiles/Footsteps_Mono/Female/Metal/Metal_Heels_2.uasset" 337
"A:/MetalForces/Metal-Forces/Content/FootstepSound/Sounds/WaveFiles/Footsteps_Mono/Female/Metal/Metal_Heels_3.uasset" 338
"A:/MetalForces/Metal-Forces/Content/FootstepSound/Sounds/WaveFiles/Footsteps_Mono/Female/Metal/Metal_Heels_4.uasset" 339
"A:/MetalForces/Metal-Forces/Content/FootstepSound/Sounds/WaveFiles/Footsteps_Mono/Female/Metal/Metal_Heels_5.uasset" 340
"A:/MetalForces/Metal-Forces/Content/FootstepSound/Sounds/WaveFiles/Footsteps_Mono/Female/Metal/Metal_Heels_6.uasset" 341
"A:/MetalForces/Metal-Forces/Content/FootstepSound/Sounds/WaveFiles/Footsteps_Mono/Female/Plastic/PlasticHeels_1.uasset" 342
"A:/MetalForces/Metal-Forces/Content/FootstepSound/Sounds/WaveFiles/Footsteps_Mono/Female/Plastic/PlasticHeels_2.uasset" 343
"A:/MetalForces/Metal-Forces/Content/FootstepSound/Sounds/WaveFiles/Footsteps_Mono/Female/Plastic/PlasticHeels_3.uasset" 344
"A:/MetalForces/Metal-Forces/Content/FootstepSound/Sounds/WaveFiles/Footsteps_Mono/Female/Plastic/PlasticHeels_4.uasset" 345
"A:/MetalForces/Metal-Forces/Content/FootstepSound/Sounds/WaveFiles/Footsteps_Mono/Female/Plastic/PlasticHeels_5.uasset" 346
"A:/MetalForces/Metal-Forces/Content/FootstepSound/Sounds/WaveFiles/Footsteps_Mono/Female/Plastic/PlasticHeels_6.uasset" 347
"A:/MetalForces/Metal-Forces/Content/FootstepSound/Sounds/WaveFiles/Footsteps_Mono/Female/Sand/Sand_Heels_1.uasset" 348
"A:/MetalForces/Metal-Forces/Content/FootstepSound/Sounds/WaveFiles/Footsteps_Mono/Female/Sand/Sand_Heels_2.uasset" 349
"A:/MetalForces/Metal-Forces/Content/FootstepSound/Sounds/WaveFiles/Footsteps_Mono/Female/Sand/Sand_Heels_3.uasset" 350
"A:/MetalForces/Metal-Forces/Content/FootstepSound/Sounds/WaveFiles/Footsteps_Mono/Female/Sand/Sand_Heels_4.uasset" 351
"A:/MetalForces/Metal-Forces/Content/FootstepSound/Sounds/WaveFiles/Footsteps_Mono/Female/Sand/Sand_Heels_5.uasset" 352
"A:/MetalForces/Metal-Forces/Content/FootstepSound/Sounds/WaveFiles/Footsteps_Mono/Female/Sand/Sand_Heels_6.uasset" 353
"A:/MetalForces/Metal-Forces/Content/FootstepSound/Sounds/WaveFiles/Footsteps_Mono/Female/Snow/Snow_Heels_1.uasset" 354
"A:/MetalForces/Metal-Forces/Content/FootstepSound/Sounds/WaveFiles/Footsteps_Mono/Female/Snow/Snow_Heels_2.uasset" 355
"A:/MetalForces/Metal-Forces/Content/FootstepSound/Sounds/WaveFiles/Footsteps_Mono/Female/Snow/Snow_Heels_3.uasset" 356
"A:/MetalForces/Metal-Forces/Content/FootstepSound/Sounds/WaveFiles/Footsteps_Mono/Female/Snow/Snow_Heels_4.uasset" 357
"A:/MetalForces/Metal-Forces/Content/FootstepSound/Sounds/WaveFiles/Footsteps_Mono/Female/Snow/Snow_Heels_5.uasset" 358
"A:/MetalForces/Metal-Forces/Content/FootstepSound/Sounds/WaveFiles/Footsteps_Mono/Female/Snow/Snow_Heels_6.uasset" 359
"A:/MetalForces/Metal-Forces/Content/FootstepSound/Sounds/WaveFiles/Footsteps_Mono/Female/Water/Water_Heels_1.uasset" 360
"A:/MetalForces/Metal-Forces/Content/FootstepSound/Sounds/WaveFiles/Footsteps_Mono/Female/Water/Water_Heels_2.uasset" 361
"A:/MetalForces/Metal-Forces/Content/FootstepSound/Sounds/WaveFiles/Footsteps_Mono/Female/Water/Water_Heels_3.uasset" 362
"A:/MetalForces/Metal-Forces/Content/FootstepSound/Sounds/WaveFiles/Footsteps_Mono/Female/Water/Water_Heels_4.uasset" 363
"A:/MetalForces/Metal-Forces/Content/FootstepSound/Sounds/WaveFiles/Footsteps_Mono/Female/Water/Water_Heels_5.uasset" 364
"A:/MetalForces/Metal-Forces/Content/FootstepSound/Sounds/WaveFiles/Footsteps_Mono/Female/Water/Water_Heels_6.uasset" 365
"A:/MetalForces/Metal-Forces/Content/FootstepSound/Sounds/WaveFiles/Footsteps_Mono/Female/Wood/Wood_Heels_1.uasset" 366
"A:/MetalForces/Metal-Forces/Content/FootstepSound/Sounds/WaveFiles/Footsteps_Mono/Female/Wood/Wood_Heels_2.uasset" 367
"A:/MetalForces/Metal-Forces/Content/FootstepSound/Sounds/WaveFiles/Footsteps_Mono/Female/Wood/Wood_Heels_3.uasset" 368
"A:/MetalForces/Metal-Forces/Content/FootstepSound/Sounds/WaveFiles/Footsteps_Mono/Female/Wood/Wood_Heels_4.uasset" 369
"A:/MetalForces/Metal-Forces/Content/FootstepSound/Sounds/WaveFiles/Footsteps_Mono/Female/Wood/Wood_Heels_5.uasset" 370
"A:/MetalForces/Metal-Forces/Content/FootstepSound/Sounds/WaveFiles/Footsteps_Mono/Female/Wood/Wood_Heels_6.uasset" 371
"A:/MetalForces/Metal-Forces/Content/FootstepSound/Sounds/WaveFiles/Footsteps_Mono/Male/Carpet/carpet_1.uasset" 372
"A:/MetalForces/Metal-Forces/Content/FootstepSound/Sounds/WaveFiles/Footsteps_Mono/Male/Carpet/carpet_2.uasset" 373
"A:/MetalForces/Metal-Forces/Content/FootstepSound/Sounds/WaveFiles/Footsteps_Mono/Male/Carpet/carpet_3.uasset" 374
"A:/MetalForces/Metal-Forces/Content/FootstepSound/Sounds/WaveFiles/Footsteps_Mono/Male/Carpet/carpet_4.uasset" 375
"A:/MetalForces/Metal-Forces/Content/FootstepSound/Sounds/WaveFiles/Footsteps_Mono/Male/Carpet/carpet_5.uasset" 376
"A:/MetalForces/Metal-Forces/Content/FootstepSound/Sounds/WaveFiles/Footsteps_Mono/Male/Carpet/carpet_6.uasset" 377
"A:/MetalForces/Metal-Forces/Content/FootstepSound/Sounds/WaveFiles/Footsteps_Mono/Male/Concrete/concrete_1.uasset" 378
"A:/MetalForces/Metal-Forces/Content/FootstepSound/Sounds/WaveFiles/Footsteps_Mono/Male/Concrete/concrete_2.uasset" 379
"A:/MetalForces/Metal-Forces/Content/FootstepSound/Sounds/WaveFiles/Footsteps_Mono/Male/Concrete/concrete_3.uasset" 380
"A:/MetalForces/Metal-Forces/Content/FootstepSound/Sounds/WaveFiles/Footsteps_Mono/Male/Concrete/concrete_4.uasset" 381
"A:/MetalForces/Metal-Forces/Content/FootstepSound/Sounds/WaveFiles/Footsteps_Mono/Male/Concrete/concrete_5.uasset" 382
"A:/MetalForces/Metal-Forces/Content/FootstepSound/Sounds/WaveFiles/Footsteps_Mono/Male/Concrete/concrete_6.uasset" 383
"A:/MetalForces/Metal-Forces/Content/FootstepSound/Sounds/WaveFiles/Footsteps_Mono/Male/Gravel/gravel_1.uasset" 384
"A:/MetalForces/Metal-Forces/Content/FootstepSound/Sounds/WaveFiles/Footsteps_Mono/Male/Gravel/gravel_2.uasset" 385
"A:/MetalForces/Metal-Forces/Content/FootstepSound/Sounds/WaveFiles/Footsteps_Mono/Male/Gravel/gravel_3.uasset" 386
"A:/MetalForces/Metal-Forces/Content/FootstepSound/Sounds/WaveFiles/Footsteps_Mono/Male/Gravel/gravel_4.uasset" 387
"A:/MetalForces/Metal-Forces/Content/FootstepSound/Sounds/WaveFiles/Footsteps_Mono/Male/Gravel/gravel_5.uasset" 388
"A:/MetalForces/Metal-Forces/Content/FootstepSound/Sounds/WaveFiles/Footsteps_Mono/Male/Gravel/gravel_6.uasset" 389
"A:/MetalForces/Metal-Forces/Content/FootstepSound/Sounds/WaveFiles/Footsteps_Mono/Male/Ground/ground_1.uasset" 390
"A:/MetalForces/Metal-Forces/Content/FootstepSound/Sounds/WaveFiles/Footsteps_Mono/Male/Ground/ground_2.uasset" 391
"A:/MetalForces/Metal-Forces/Content/FootstepSound/Sounds/WaveFiles/Footsteps_Mono/Male/Ground/ground_3.uasset" 392
"A:/MetalForces/Metal-Forces/Content/FootstepSound/Sounds/WaveFiles/Footsteps_Mono/Male/Ground/ground_4.uasset" 393
"A:/MetalForces/Metal-Forces/Content/FootstepSound/Sounds/WaveFiles/Footsteps_Mono/Male/Ground/ground_5.uasset" 394
"A:/MetalForces/Metal-Forces/Content/FootstepSound/Sounds/WaveFiles/Footsteps_Mono/Male/Ground/ground_6.uasset" 395
"A:/MetalForces/Metal-Forces/Content/FootstepSound/Sounds/WaveFiles/Footsteps_Mono/Male/Metal/metal_1.uasset" 396
"A:/MetalForces/Metal-Forces/Content/FootstepSound/Sounds/WaveFiles/Footsteps_Mono/Male/Metal/metal_2.uasset" 397
"A:/MetalForces/Metal-Forces/Content/FootstepSound/Sounds/WaveFiles/Footsteps_Mono/Male/Metal/metal_3.uasset" 398
"A:/MetalForces/Metal-Forces/Content/FootstepSound/Sounds/WaveFiles/Footsteps_Mono/Male/Metal/metal_4.uasset" 399
"A:/MetalForces/Metal-Forces/Content/FootstepSound/Sounds/WaveFiles/Footsteps_Mono/Male/Metal/metal_5.uasset" 400
"A:/MetalForces/Metal-Forces/Content/FootstepSound/Sounds/WaveFiles/Footsteps_Mono/Male/Metal/metal_6.uasset" 401
"A:/MetalForces/Metal-Forces/Content/FootstepSound/Sounds/WaveFiles/Footsteps_Mono/Male/Plastic/Plastic_1.uasset" 402
"A:/MetalForces/Metal-Forces/Content/FootstepSound/Sounds/WaveFiles/Footsteps_Mono/Male/Plastic/Plastic_2.uasset" 403
"A:/MetalForces/Metal-Forces/Content/FootstepSound/Sounds/WaveFiles/Footsteps_Mono/Male/Plastic/Plastic_3.uasset" 404
"A:/MetalForces/Metal-Forces/Content/FootstepSound/Sounds/WaveFiles/Footsteps_Mono/Male/Plastic/Plastic_4.uasset" 405
"A:/MetalForces/Metal-Forces/Content/FootstepSound/Sounds/WaveFiles/Footsteps_Mono/Male/Plastic/Plastic_5.uasset" 406
"A:/MetalForces/Metal-Forces/Content/FootstepSound/Sounds/WaveFiles/Footsteps_Mono/Male/Plastic/Plastic_6.uasset" 407
"A:/MetalForces/Metal-Forces/Content/FootstepSound/Sounds/WaveFiles/Footsteps_Mono/Male/Sand/Sand_1.uasset" 408
"A:/MetalForces/Metal-Forces/Content/FootstepSound/Sounds/WaveFiles/Footsteps_Mono/Male/Sand/Sand_2.uasset" 409
"A:/MetalForces/Metal-Forces/Content/FootstepSound/Sounds/WaveFiles/Footsteps_Mono/Male/Sand/Sand_3.uasset" 410
"A:/MetalForces/Metal-Forces/Content/FootstepSound/Sounds/WaveFiles/Footsteps_Mono/Male/Sand/Sand_4.uasset" 411
"A:/MetalForces/Metal-Forces/Content/FootstepSound/Sounds/WaveFiles/Footsteps_Mono/Male/Sand/Sand_5.uasset" 412
"A:/MetalForces/Metal-Forces/Content/FootstepSound/Sounds/WaveFiles/Footsteps_Mono/Male/Sand/Sand_6.uasset" 413
"A:/MetalForces/Metal-Forces/Content/FootstepSound/Sounds/WaveFiles/Footsteps_Mono/Male/Snow/snow_1.uasset" 414
"A:/MetalForces/Metal-Forces/Content/FootstepSound/Sounds/WaveFiles/Footsteps_Mono/Male/Snow/snow_2.uasset" 415
"A:/MetalForces/Metal-Forces/Content/FootstepSound/Sounds/WaveFiles/Footsteps_Mono/Male/Snow/snow_3.uasset" 416
"A:/MetalForces/Metal-Forces/Content/FootstepSound/Sounds/WaveFiles/Footsteps_Mono/Male/Snow/snow_4.uasset" 417
"A:/MetalForces/Metal-Forces/Content/FootstepSound/Sounds/WaveFiles/Footsteps_Mono/Male/Snow/snow_5.uasset" 418
"A:/MetalForces/Metal-Forces/Content/FootstepSound/Sounds/WaveFiles/Footsteps_Mono/Male/Snow/snow_6.uasset" 419
"A:/MetalForces/Metal-Forces/Content/FootstepSound/Sounds/WaveFiles/Footsteps_Mono/Male/Water/water_1.uasset" 420
"A:/MetalForces/Metal-Forces/Content/FootstepSound/Sounds/WaveFiles/Footsteps_Mono/Male/Water/water_2.uasset" 421
"A:/MetalForces/Metal-Forces/Content/FootstepSound/Sounds/WaveFiles/Footsteps_Mono/Male/Water/water_3.uasset" 422
"A:/MetalForces/Metal-Forces/Content/FootstepSound/Sounds/WaveFiles/Footsteps_Mono/Male/Water/water_4.uasset" 423
"A:/MetalForces/Metal-Forces/Content/FootstepSound/Sounds/WaveFiles/Footsteps_Mono/Male/Water/water_5.uasset" 424
"A:/MetalForces/Metal-Forces/Content/FootstepSound/Sounds/WaveFiles/Footsteps_Mono/Male/Water/water_6.uasset" 425
"A:/MetalForces/Metal-Forces/Content/FootstepSound/Sounds/WaveFiles/Footsteps_Mono/Male/Wood/wood_1.uasset" 426
"A:/MetalForces/Metal-Forces/Content/FootstepSound/Sounds/WaveFiles/Footsteps_Mono/Male/Wood/wood_2.uasset" 427
"A:/MetalForces/Metal-Forces/Content/FootstepSound/Sounds/WaveFiles/Footsteps_Mono/Male/Wood/wood_3.uasset" 428
"A:/MetalForces/Metal-Forces/Content/FootstepSound/Sounds/WaveFiles/Footsteps_Mono/Male/Wood/wood_4.uasset" 429
"A:/MetalForces/Metal-Forces/Content/FootstepSound/Sounds/WaveFiles/Footsteps_Mono/Male/Wood/wood_5.uasset" 430
"A:/MetalForces/Metal-Forces/Content/FootstepSound/Sounds/WaveFiles/Footsteps_Mono/Male/Wood/wood_6.uasset" 431
"A:/MetalForces/Metal-Forces/Content/FootstepSound/Sounds/WaveFiles/Jump_Voice_Mono/Female/jump_voice_female_end_1.uasset" 432
"A:/MetalForces/Metal-Forces/Content/FootstepSound/Sounds/WaveFiles/Jump_Voice_Mono/Female/jump_voice_female_end_2.uasset" 433
"A:/MetalForces/Metal-Forces/Content/FootstepSound/Sounds/WaveFiles/Jump_Voice_Mono/Female/jump_voice_female_end_3.uasset" 434
"A:/MetalForces/Metal-Forces/Content/FootstepSound/Sounds/WaveFiles/Jump_Voice_Mono/Female/jump_voice_female_end_4.uasset" 435
"A:/MetalForces/Metal-Forces/Content/FootstepSound/Sounds/WaveFiles/Jump_Voice_Mono/Female/jump_voice_female_start_1.uasset" 436
"A:/MetalForces/Metal-Forces/Content/FootstepSound/Sounds/WaveFiles/Jump_Voice_Mono/Female/jump_voice_female_start_2.uasset" 437
"A:/MetalForces/Metal-Forces/Content/FootstepSound/Sounds/WaveFiles/Jump_Voice_Mono/Female/jump_voice_female_start_3.uasset" 438
"A:/MetalForces/Metal-Forces/Content/FootstepSound/Sounds/WaveFiles/Jump_Voice_Mono/Female/jump_voice_female_start_4.uasset" 439
"A:/MetalForces/Metal-Forces/Content/FootstepSound/Sounds/WaveFiles/Jump_Voice_Mono/Male/jump_voice_end_1.uasset" 440
"A:/MetalForces/Metal-Forces/Content/FootstepSound/Sounds/WaveFiles/Jump_Voice_Mono/Male/jump_voice_end_2.uasset" 441
"A:/MetalForces/Metal-Forces/Content/FootstepSound/Sounds/WaveFiles/Jump_Voice_Mono/Male/jump_voice_end_3.uasset" 442
"A:/MetalForces/Metal-Forces/Content/FootstepSound/Sounds/WaveFiles/Jump_Voice_Mono/Male/jump_voice_end_4.uasset" 443
"A:/MetalForces/Metal-Forces/Content/FootstepSound/Sounds/WaveFiles/Jump_Voice_Mono/Male/jump_voice_start_1.uasset" 444
"A:/MetalForces/Metal-Forces/Content/FootstepSound/Sounds/WaveFiles/Jump_Voice_Mono/Male/jump_voice_start_2.uasset" 445
"A:/MetalForces/Metal-Forces/Content/FootstepSound/Sounds/WaveFiles/Jump_Voice_Mono/Male/jump_voice_start_3.uasset" 446
"A:/MetalForces/Metal-Forces/Content/FootstepSound/Sounds/WaveFiles/Jump_Voice_Mono/Male/jump_voice_start_4.uasset" 447
"../../../Engine/Content/Animation/DefaultAnimCurveCompressionSettings.uasset" 448
"A:/MetalForces/Metal-Forces/Content/SurvivorVision/Blueprints/BPInt_SurvivorVision_Character.uasset" 449
"A:/MetalForces/Metal-Forces/Content/SurvivorVision/Blueprints/BPInt_SurvivorVision_Controller.uasset" 450
"A:/MetalForces/Metal-Forces/Content/SurvivorVision/Meshes/Mannequin/UE4_Mannequin_Skeleton.uasset" 451
"A:/MetalForces/Metal-Forces/Content/SurvivorVision/Animations/ThirdPerson_Jump.uasset" 452
"A:/MetalForces/Metal-Forces/Content/SurvivorVision/Animations/ThirdPersonJump_Loop.uasset" 453
"A:/MetalForces/Metal-Forces/Content/SurvivorVision/Animations/ThirdPersonJump_Start.uasset" 454
"A:/MetalForces/Metal-Forces/Content/SurvivorVision/Animations/ThirdPersonIdle.uasset" 455
"A:/MetalForces/Metal-Forces/Content/SurvivorVision/Animations/ThirdPersonRun.uasset" 456
"A:/MetalForces/Metal-Forces/Content/SurvivorVision/Animations/ThirdPersonWalk.uasset" 457
"A:/MetalForces/Metal-Forces/Content/SurvivorVision/Animations/ThirdPerson_IdleRun_2D.uasset" 458
"A:/MetalForces/Metal-Forces/Content/SurvivorVision/Animations/ThirdPerson_AnimBP.uasset" 459
"A:/MetalForces/Metal-Forces/Content/SurvivorVision/Materials/SurvivorVision/Parents/M_InitialPulse.uasset" 460
"A:/MetalForces/Metal-Forces/Content/SurvivorVision/Materials/SurvivorVision/Children/MI_InitialPulse_Default.uasset" 461
"../../../Engine/Content/Functions/Engine_MaterialFunctions02/Utility/BreakOutFloat3Components.uasset" 462
"../../../Engine/Content/Functions/Engine_MaterialFunctions02/Utility/MakeFloat4.uasset" 463
"A:/MetalForces/Metal-Forces/Content/SurvivorVision/Materials/SurvivorVision/Functions/MF_CalculateEdgeShift.uasset" 464
"A:/MetalForces/Metal-Forces/Content/SurvivorVision/Materials/SurvivorVision/Functions/MF_EdgeDetectionBase.uasset" 465
"A:/MetalForces/Metal-Forces/Content/SurvivorVision/Materials/SurvivorVision/Functions/MF_Fill.uasset" 466
"A:/MetalForces/Metal-Forces/Content/SurvivorVision/Materials/SurvivorVision/Functions/MF_Opacity.uasset" 467
"A:/MetalForces/Metal-Forces/Content/SurvivorVision/Materials/SurvivorVision/Functions/MF_OutlineFunctions.uasset" 468
"A:/MetalForces/Metal-Forces/Content/SurvivorVision/Materials/SurvivorVision/Functions/MF_TotalEdgeDetection.uasset" 469
"A:/MetalForces/Metal-Forces/Content/SurvivorVision/Materials/SurvivorVision/Functions/MF_Outline.uasset" 470
"A:/MetalForces/Metal-Forces/Content/SurvivorVision/Materials/SurvivorVision/Functions/MF_Pulsate.uasset" 471
"A:/MetalForces/Metal-Forces/Content/SurvivorVision/Materials/SurvivorVision/Functions/MPC_SurvivorVisionParameters.uasset" 472
"A:/MetalForces/Metal-Forces/Content/SurvivorVision/Textures/SurvivorVision/T_FillTexture.uasset" 473
"A:/MetalForces/Metal-Forces/Content/SurvivorVision/Materials/SurvivorVision/Parents/M_SurvivorVision.uasset" 474
"A:/MetalForces/Metal-Forces/Content/SurvivorVision/Materials/SurvivorVision/Children/MI_SurvivorVision_Default.uasset" 475
"../../../Engine/Content/BasicShapes/Sphere.uasset" 476
"../../../Engine/Content/Functions/Engine_MaterialFunctions02/Utility/BlendAngleCorrectedNormals.uasset" 477
"../../../Engine/Content/Functions/MaterialLayerFunctions/MatLayerBlend_NormalBlend.uasset" 478
"../../../Engine/Content/Functions/MaterialLayerFunctions/MatLayerBlend_Simple.uasset" 479
"A:/MetalForces/Metal-Forces/Content/SurvivorVision/Textures/Mannequin/T_ML_Rubber_Blue_01_D.uasset" 480
"A:/MetalForces/Metal-Forces/Content/SurvivorVision/Textures/Mannequin/T_ML_Rubber_Blue_01_N.uasset" 481
"A:/MetalForces/Metal-Forces/Content/SurvivorVision/Materials/Mannequin/ML_GlossyBlack_Latex_UE4.uasset" 482
"A:/MetalForces/Metal-Forces/Content/SurvivorVision/Materials/Mannequin/ML_Plastic_Shiny_Beige.uasset" 483
"A:/MetalForces/Metal-Forces/Content/SurvivorVision/Textures/Mannequin/UE4_LOGO_CARD.uasset" 484
"A:/MetalForces/Metal-Forces/Content/SurvivorVision/Materials/Mannequin/ML_Plastic_Shiny_Beige_LOGO.uasset" 485
"A:/MetalForces/Metal-Forces/Content/SurvivorVision/Textures/Mannequin/T_ML_Aluminum01.uasset" 486
"A:/MetalForces/Metal-Forces/Content/SurvivorVision/Textures/Mannequin/T_ML_Aluminum01_N.uasset" 487
"A:/MetalForces/Metal-Forces/Content/SurvivorVision/Materials/Mannequin/ML_SoftMetal_UE4.uasset" 488
"A:/MetalForces/Metal-Forces/Content/SurvivorVision/Textures/Mannequin/UE4_Mannequin__normals.uasset" 489
"A:/MetalForces/Metal-Forces/Content/SurvivorVision/Textures/Mannequin/UE4_Mannequin_MAT_MASKA.uasset" 490
"A:/MetalForces/Metal-Forces/Content/SurvivorVision/Materials/Mannequin/M_UE4Man_Body.uasset" 491
"A:/MetalForces/Metal-Forces/Content/SurvivorVision/Textures/Mannequin/UE4Man_Logo_N.uasset" 492
"A:/MetalForces/Metal-Forces/Content/SurvivorVision/Materials/Mannequin/M_UE4Man_ChestLogo.uasset" 493
"A:/MetalForces/Metal-Forces/Content/SurvivorVision/Meshes/Mannequin/SK_Mannequin_PhysicsAsset.uasset" 494
"A:/MetalForces/Metal-Forces/Content/SurvivorVision/Meshes/Mannequin/SK_Mannequin.uasset" 495
"A:/MetalForces/Metal-Forces/Content/SurvivorVision/Blueprints/SurvivorVisionCharacter.uasset" 496
"A:/MetalForces/Metal-Forces/Content/SurvivorVision/Textures/SurvivorVision/T_ObjectIndicator.uasset" 497
"A:/MetalForces/Metal-Forces/Content/SurvivorVision/Materials/SurvivorVision/Parents/M_ObjectIndicator.uasset" 498
"A:/MetalForces/Metal-Forces/Content/SurvivorVision/Blueprints/Widgets/ItemIndicator.uasset" 499
"A:/MetalForces/Metal-Forces/Content/SurvivorVision/Blueprints/Widgets/SurvivorVisionHUD.uasset" 500
"A:/MetalForces/Metal-Forces/Content/SurvivorVision/Blueprints/E_DynamicHighlights.uasset" 501
"A:/MetalForces/Metal-Forces/Content/SurvivorVision/Blueprints/SurvivorVisionManager.uasset" 502
"A:/MetalForces/Metal-Forces/Content/SurvivorVision/Blueprints/SurvivorVisionController.uasset" 503
"A:/MetalForces/Metal-Forces/Content/SurvivorVision/Demo/Blueprints/AINode.uasset" 504
"A:/MetalForces/Metal-Forces/Content/SurvivorVision/Demo/Blueprints/WalkingGuy.uasset" 505
"A:/MetalForces/Metal-Forces/Content/SurvivorVision/Demo/Materials/M_SurvivorVision_DemoMaterial.uasset" 506
"A:/MetalForces/Metal-Forces/Content/SurvivorVision/Demo/Materials/MI_SurvivorVision_Demo_01.uasset" 507
"A:/MetalForces/Metal-Forces/Content/SurvivorVision/Demo/Blueprints/SurvivorVisionCharacter_Demo.uasset" 508
"A:/MetalForces/Metal-Forces/Content/SurvivorVision/Blueprints/SurvivorVisionGameMode.uasset" 509
"../../Plugins/2D/Paper2D/Content/PlaceholderTextures/DummySpriteTexture.uasset" 510
"../../Plugins/2D/Paper2D/Content/DummySprite.uasset" 511
"../../Plugins/2D/Paper2D/Content/DefaultPaperTerrainMaterial.uasset" 512
"../../Plugins/2D/Paper2D/Content/DefaultSpriteMaterial.uasset" 513
"../../Plugins/2D/Paper2D/Content/MaskedUnlitSpriteMaterial.uasset" 514
"../../Plugins/2D/Paper2D/Content/OpaqueUnlitSpriteMaterial.uasset" 515
"../../Plugins/Runtime/Oculus/OculusVR/Content/OculusMR_RenderTarget.uasset" 516
"../../../Engine/Content/Functions/Engine_MaterialFunctions02/Utility/BreakOutFloat4Components.uasset" 517
"../../Plugins/Runtime/Oculus/OculusVR/Content/Materials/OculusMR_ChromaKey.uasset" 518
"../../Plugins/Runtime/Oculus/OculusVR/Content/Materials/OculusMR_ChromaKey_Lit.uasset" 519
"../../Plugins/Runtime/Oculus/OculusVR/Content/Materials/OculusMR_OpaqueColoredMaterial.uasset" 520
"../../Plugins/Runtime/Oculus/OculusVR/Content/Materials/OculusMR_WhiteMaterial.uasset" 521
"../../Plugins/Runtime/Oculus/OculusVR/Content/Materials/PokeAHoleMaterial.uasset" 522
"../../Plugins/Runtime/Oculus/OculusVR/Content/Textures/GearVRController_AO.uasset" 523
"../../Plugins/Runtime/Oculus/OculusVR/Content/Textures/GearVRController_Color.uasset" 524
"../../Plugins/Runtime/Oculus/OculusVR/Content/Textures/GearVRController_Normal.uasset" 525
"../../Plugins/Runtime/Oculus/OculusVR/Content/Materials/GearVRControllerMaterial.uasset" 526
"../../Plugins/Runtime/Oculus/OculusVR/Content/Meshes/GearVrController.uasset" 527
"../../Plugins/Runtime/Oculus/OculusVR/Content/Textures/touchController_albedo.uasset" 528
"../../Plugins/Runtime/Oculus/OculusVR/Content/Textures/touchController_controlmap.uasset" 529
"../../Plugins/Runtime/Oculus/OculusVR/Content/Materials/touchController_mat.uasset" 530
"../../Plugins/Runtime/Oculus/OculusVR/Content/Meshes/LeftTouchController.uasset" 531
"../../Plugins/Runtime/Oculus/OculusVR/Content/Meshes/RiftHMD.uasset" 532
"../../Plugins/Runtime/Oculus/OculusVR/Content/Meshes/RightTouchController.uasset" 533
"A:/MetalForces/Metal-Forces/Content/GenericNPCAnimPack/Character/Mesh/UE4_Mannequin_Skeleton.uasset" 534
"A:/MetalForces/Metal-Forces/Content/GenericNPCAnimPack/Animations/Anim_Idle_3.uasset" 535
"../../../Engine/Content/EngineSky/C_Sky_Cloud_Color.uasset" 536
"../../../Engine/Content/EngineSky/C_Sky_Horizon_Color.uasset" 537
"../../../Engine/Content/EngineSky/C_Sky_Zenith_Color.uasset" 538
"../../../Engine/Content/EngineSky/T_Sky_Blue.uasset" 539
"../../../Engine/Content/EngineSky/T_Sky_Clouds_M.uasset" 540
"../../../Engine/Content/EngineSky/T_Sky_Stars.uasset" 541
"../../../Engine/Content/EngineSky/M_Sky_Panning_Clouds2.uasset" 542
"../../../Engine/Content/EngineSky/SM_SkySphere.uasset" 543
"../../../Engine/Content/EngineSky/BP_Sky_Sphere.uasset" 544
"A:/MetalForces/Metal-Forces/Content/Menu/Pc+GM/Menu_PC.uasset" 545
"A:/MetalForces/Metal-Forces/Content/Menu/Pc+GM/MenuMode.uasset" 546
"A:/MetalForces/Metal-Forces/Content/Blueprints/SearchingInstance.uasset" 547
"A:/MetalForces/Metal-Forces/Content/Fonts/ITCAvantGardeStd-Demi.uasset" 548
"A:/MetalForces/Metal-Forces/Content/Fonts/ITCAvantGardeStd-Demi_Font.uasset" 549
"A:/MetalForces/Metal-Forces/Content/Buttons/button_type2.uasset" 550
"A:/MetalForces/Metal-Forces/Content/Textures/images/M4_Green_Special.uasset" 551
"A:/MetalForces/Metal-Forces/Content/Textures/images/M4_Normal.uasset" 552
"A:/MetalForces/Metal-Forces/Content/Menu/Widgeds/Main_Menu.uasset" 553
"A:/MetalForces/Metal-Forces/Content/Menu/Menu_Maps/MainM_Menu_BuiltData.uasset" 554
"A:/MetalForces/Metal-Forces/Content/FootstepSound/Materials/Physical_Materials/05_Ground_Physic_Mat.uasset" 555
"A:/MetalForces/Metal-Forces/Content/Textures/brick.uasset" 556
"A:/MetalForces/Metal-Forces/Content/Textures/brick_dis.uasset" 557
"A:/MetalForces/Metal-Forces/Content/Textures/brick_nor.uasset" 558
"A:/MetalForces/Metal-Forces/Content/Materials/Brick.uasset" 559
"A:/MetalForces/Metal-Forces/Content/Textures/M4_texture.uasset" 560
"A:/MetalForces/Metal-Forces/Content/Materials/M4_material.uasset" 561
"A:/MetalForces/Metal-Forces/Content/Textures/M4_special_green_texture.uasset" 562
"A:/MetalForces/Metal-Forces/Content/Materials/M4_special_green_material.uasset" 563
"../../../Engine/Content/Functions/Engine_MaterialFunctions02/Texturing/ScreenAlignedPixelToPixelUVs.uasset" 564
"../../../Engine/Content/EngineMaterials/Good64x64TilingNoiseHighFreq.uasset" 565
"../../../Engine/Content/Functions/Engine_MaterialFunctions02/Utility/DitherTemporalAA.uasset" 566
"A:/MetalForces/Metal-Forces/Content/FootstepSound/Materials/Physical_Materials/02_Conrete_Physic_Mat.uasset" 567
"A:/MetalForces/Metal-Forces/Content/Textures/plaster_grey.uasset" 568
"A:/MetalForces/Metal-Forces/Content/Materials/Plaster_gray.uasset" 569
"A:/MetalForces/Metal-Forces/Content/FootstepSound/Materials/Physical_Materials/06_Metal_Physic_Mat.uasset" 570
"A:/MetalForces/Metal-Forces/Content/Textures/Metal/metal_plate_AO_4k.uasset" 571
"A:/MetalForces/Metal-Forces/Content/Textures/Metal/metal_plate_Nor_4k.uasset" 572
"A:/MetalForces/Metal-Forces/Content/Textures/Metal/metal_plate_rough_4k.uasset" 573
"A:/MetalForces/Metal-Forces/Content/Textures/Metal/Metal.uasset" 574
"../../../Engine/Content/BasicShapes/Cube.uasset" 575
"A:/MetalForces/Metal-Forces/Content/GenericNPCAnimPack/Character/Materials/MaterialLayers/T_ML_Rubber_Blue_01_D.uasset" 576
"A:/MetalForces/Metal-Forces/Content/GenericNPCAnimPack/Character/Materials/MaterialLayers/T_ML_Rubber_Blue_01_N.uasset" 577
"A:/MetalForces/Metal-Forces/Content/GenericNPCAnimPack/Character/Materials/MaterialLayers/ML_GlossyBlack_Latex_UE4.uasset" 578
"A:/MetalForces/Metal-Forces/Content/GenericNPCAnimPack/Character/Materials/MaterialLayers/ML_Plastic_Shiny_Beige.uasset" 579
"A:/MetalForces/Metal-Forces/Content/GenericNPCAnimPack/Character/Textures/UE4_LOGO_CARD.uasset" 580
"A:/MetalForces/Metal-Forces/Content/GenericNPCAnimPack/Character/Materials/MaterialLayers/ML_Plastic_Shiny_Beige_LOGO.uasset" 581
"A:/MetalForces/Metal-Forces/Content/GenericNPCAnimPack/Character/Materials/MaterialLayers/T_ML_Aluminum01.uasset" 582
"A:/MetalForces/Metal-Forces/Content/GenericNPCAnimPack/Character/Materials/MaterialLayers/T_ML_Aluminum01_N.uasset" 583
"A:/MetalForces/Metal-Forces/Content/GenericNPCAnimPack/Character/Materials/MaterialLayers/ML_SoftMetal_UE4.uasset" 584
"A:/MetalForces/Metal-Forces/Content/GenericNPCAnimPack/Character/Textures/UE4_Mannequin__normals.uasset" 585
"A:/MetalForces/Metal-Forces/Content/GenericNPCAnimPack/Character/Textures/UE4_Mannequin_MAT_MASKA.uasset" 586
"A:/MetalForces/Metal-Forces/Content/GenericNPCAnimPack/Character/Materials/M_UE4Man_Body.uasset" 587
"A:/MetalForces/Metal-Forces/Content/GenericNPCAnimPack/Character/Textures/UE4Man_Logo_N.uasset" 588
"A:/MetalForces/Metal-Forces/Content/GenericNPCAnimPack/Character/Materials/M_UE4Man_ChestLogo.uasset" 589
"A:/MetalForces/Metal-Forces/Content/GenericNPCAnimPack/Character/Mesh/SK_Mannequin_PhysicsAsset.uasset" 590
"A:/MetalForces/Metal-Forces/Content/GenericNPCAnimPack/Character/Mesh/SK_Mannequin.uasset" 591
"A:/MetalForces/Metal-Forces/Content/Meshes/guns/M4.uasset" 592
"A:/MetalForces/Metal-Forces/Content/Menu/Menu_Maps/MainM_Menu.umap" 593
"../../../Engine/Content/Maps/Entry_BuiltData.uasset" 594
"../../../Engine/Content/Maps/Entry.umap" 595
"A:/MetalForces/Metal-Forces/Content/FirstPerson/Character/Mesh/SK_Mannequin_Arms_Skeleton.uasset" 596
"A:/MetalForces/Metal-Forces/Content/FirstPerson/Animations/FirstPerson_Idle.uasset" 597
"A:/MetalForces/Metal-Forces/Content/FirstPerson/Animations/FirstPerson_JumpEnd.uasset" 598
"A:/MetalForces/Metal-Forces/Content/FirstPerson/Animations/FirstPerson_JumpLoop.uasset" 599
"A:/MetalForces/Metal-Forces/Content/FirstPerson/Animations/FirstPerson_JumpStart.uasset" 600
"A:/MetalForces/Metal-Forces/Content/FirstPerson/Animations/FirstPerson_Run.uasset" 601
"A:/MetalForces/Metal-Forces/Content/FirstPerson/Animations/FirstPerson_AnimBP.uasset" 602
"A:/MetalForces/Metal-Forces/Content/FootstepSound/FootstepsCharacter/Mannequin/Character/Mesh/UE4_Mannequin_Skeleton.uasset" 603
"A:/MetalForces/Metal-Forces/Content/FootstepSound/FootstepsCharacter/Mannequin/Animations/ThirdPerson_Jump.uasset" 604
"A:/MetalForces/Metal-Forces/Content/FootstepSound/FootstepsCharacter/Mannequin/Animations/ThirdPersonJump_Loop.uasset" 605
"A:/MetalForces/Metal-Forces/Content/FootstepSound/FootstepsCharacter/Mannequin/Animations/ThirdPersonJump_Start.uasset" 606
"A:/MetalForces/Metal-Forces/Content/FootstepSound/FootstepsCharacter/Mannequin/Animations/ThirdPersonIdle.uasset" 607
"A:/MetalForces/Metal-Forces/Content/FootstepSound/FootstepsCharacter/Mannequin/Animations/ThirdPersonRun.uasset" 608
"A:/MetalForces/Metal-Forces/Content/FootstepSound/FootstepsCharacter/Mannequin/Animations/ThirdPersonWalk.uasset" 609
"A:/MetalForces/Metal-Forces/Content/FootstepSound/FootstepsCharacter/Mannequin/Animations/ThirdPerson_IdleRun_2D.uasset" 610
"A:/MetalForces/Metal-Forces/Content/FootstepSound/Materials/Physical_Materials/01_Carpet_Physic_Mat.uasset" 611
"A:/MetalForces/Metal-Forces/Content/FootstepSound/Materials/Physical_Materials/03_Grass_Physic_Mat.uasset" 612
"A:/MetalForces/Metal-Forces/Content/FootstepSound/Materials/Physical_Materials/04_Gravel_Physic_Mat.uasset" 613
"A:/MetalForces/Metal-Forces/Content/FootstepSound/Materials/Physical_Materials/07_Plastic_Physic_Mat.uasset" 614
"A:/MetalForces/Metal-Forces/Content/FootstepSound/Materials/Physical_Materials/08_Sand_Physic_Mat.uasset" 615
"A:/MetalForces/Metal-Forces/Content/FootstepSound/Materials/Physical_Materials/09_Snow_Physic_Mat.uasset" 616
"A:/MetalForces/Metal-Forces/Content/FootstepSound/Materials/Physical_Materials/10_Water_Physic_Mat.uasset" 617
"A:/MetalForces/Metal-Forces/Content/FootstepSound/Materials/Physical_Materials/11_Wood_Physic_Mat.uasset" 618
"A:/MetalForces/Metal-Forces/Content/FootstepSound/BluePrints/FootstepsCharacter_AnimBP.uasset" 619
"A:/MetalForces/Metal-Forces/Content/Meshes/guns/M4__2__PhysicsAsset.uasset" 620
"A:/MetalForces/Metal-Forces/Content/Meshes/guns/M4__2__Skeleton.uasset" 621
"A:/MetalForces/Metal-Forces/Content/Meshes/guns/M4__2_.uasset" 622
"A:/MetalForces/Metal-Forces/Content/Blueprints/M4A/M4a.uasset" 623
"A:/MetalForces/Metal-Forces/Content/Materials/lava/Lava.uasset" 624
"A:/MetalForces/Metal-Forces/Content/Traps/Trap_1.uasset" 625
"A:/MetalForces/Metal-Forces/Content/Water/WaterPlane/Translucent/Textures/T_Rock_Basalt_N.uasset" 626
"A:/MetalForces/Metal-Forces/Content/Water/WaterPlane/Translucent/Textures/T_Underwater_N.uasset" 627
"A:/MetalForces/Metal-Forces/Content/Water/WaterPlane/Translucent/Textures/T_UnderwaterCaustic_H.uasset" 628
"A:/MetalForces/Metal-Forces/Content/Water/WaterPlane/Translucent/Materials/M_Caustic.uasset" 629
"../../../Engine/Content/Functions/Engine_MaterialFunctions03/ComplexMotion/Motion_4WayChaos.uasset" 630
"../../../Engine/Content/Engine_MI_Shaders/T_Base_Tile_Normal.uasset" 631
"../../../Engine/Content/Functions/Engine_MaterialFunctions03/ComplexMotion/Motion_4WayChaos_Normal.uasset" 632
"A:/MetalForces/Metal-Forces/Content/Water/WaterPlane/Translucent/HDRI/HDRI_Epic_Courtyard_Daylight.uasset" 633
"A:/MetalForces/Metal-Forces/Content/Water/WaterPlane/Translucent/Textures/T_MediumWaves_H.uasset" 634
"A:/MetalForces/Metal-Forces/Content/Water/WaterPlane/Translucent/Textures/T_MediumWaves_N.uasset" 635
"A:/MetalForces/Metal-Forces/Content/Water/WaterPlane/Translucent/Textures/T_SmallWaves_N.uasset" 636
"A:/MetalForces/Metal-Forces/Content/Water/WaterPlane/Translucent/Materials/M_TranslucentWater.uasset" 637
"A:/MetalForces/Metal-Forces/Content/Water/WaterPlane/Translucent/Materials/M_TranslucentWater_Inst.uasset" 638
"A:/MetalForces/Metal-Forces/Content/Water/WaterPlane/Translucent/Meshes/SM_OceanWater.uasset" 639
"A:/MetalForces/Metal-Forces/Content/Water/BP_Water_Volume_Kill.uasset" 640
"../../../Engine/Content/BasicShapes/BasicShapeMaterial.uasset" 641
"A:/MetalForces/Metal-Forces/Content/FootstepSound/FootstepsCharacter/Mannequin/Character/Materials/MaterialLayers/T_ML_Rubber_Blue_01_D.uasset" 642
"A:/MetalForces/Metal-Forces/Content/FootstepSound/FootstepsCharacter/Mannequin/Character/Materials/MaterialLayers/T_ML_Rubber_Blue_01_N.uasset" 643
"A:/MetalForces/Metal-Forces/Content/FootstepSound/FootstepsCharacter/Mannequin/Character/Materials/MaterialLayers/ML_GlossyBlack_Latex_UE4.uasset" 644
"A:/MetalForces/Metal-Forces/Content/FootstepSound/FootstepsCharacter/Mannequin/Character/Materials/MaterialLayers/ML_Plastic_Shiny_Beige.uasset" 645
"A:/MetalForces/Metal-Forces/Content/FootstepSound/FootstepsCharacter/Mannequin/Character/Textures/UE4_LOGO_CARD.uasset" 646
"A:/MetalForces/Metal-Forces/Content/FootstepSound/FootstepsCharacter/Mannequin/Character/Materials/MaterialLayers/ML_Plastic_Shiny_Beige_LOGO.uasset" 647
"A:/MetalForces/Metal-Forces/Content/FootstepSound/FootstepsCharacter/Mannequin/Character/Materials/MaterialLayers/T_ML_Aluminum01.uasset" 648
"A:/MetalForces/Metal-Forces/Content/FootstepSound/FootstepsCharacter/Mannequin/Character/Materials/MaterialLayers/T_ML_Aluminum01_N.uasset" 649
"A:/MetalForces/Metal-Forces/Content/FootstepSound/FootstepsCharacter/Mannequin/Character/Materials/MaterialLayers/ML_SoftMetal_UE4.uasset" 650
"A:/MetalForces/Metal-Forces/Content/FootstepSound/FootstepsCharacter/Mannequin/Character/Textures/UE4_Mannequin__normals.uasset" 651
"A:/MetalForces/Metal-Forces/Content/FootstepSound/FootstepsCharacter/Mannequin/Character/Textures/UE4_Mannequin_MAT_MASKA.uasset" 652
"A:/MetalForces/Metal-Forces/Content/FootstepSound/FootstepsCharacter/Mannequin/Character/Materials/M_UE4Man_Body.uasset" 653
"A:/MetalForces/Metal-Forces/Content/FootstepSound/FootstepsCharacter/Mannequin/Character/Materials/M_UE4Man_Body_Inst.uasset" 654
"A:/MetalForces/Metal-Forces/Content/FirstPerson/Character/Materials/MaterialLayers/T_ML_Rubber_Blue_01_D.uasset" 655
"A:/MetalForces/Metal-Forces/Content/FirstPerson/Character/Materials/MaterialLayers/T_ML_Rubber_Blue_01_N.uasset" 656
"A:/MetalForces/Metal-Forces/Content/FirstPerson/Character/Materials/MaterialLayers/ML_GlossyBlack_Latex_UE4.uasset" 657
"A:/MetalForces/Metal-Forces/Content/FirstPerson/Character/Materials/MaterialLayers/ML_Plastic_Shiny_Beige.uasset" 658
"A:/MetalForces/Metal-Forces/Content/FirstPerson/Character/Textures/UE4_LOGO_CARD.uasset" 659
"A:/MetalForces/Metal-Forces/Content/FirstPerson/Character/Materials/MaterialLayers/ML_Plastic_Shiny_Beige_LOGO.uasset" 660
"A:/MetalForces/Metal-Forces/Content/FirstPerson/Character/Materials/MaterialLayers/T_ML_Aluminum01.uasset" 661
"A:/MetalForces/Metal-Forces/Content/FirstPerson/Character/Materials/MaterialLayers/T_ML_Aluminum01_N.uasset" 662
"A:/MetalForces/Metal-Forces/Content/FirstPerson/Character/Materials/MaterialLayers/ML_SoftMetal_UE4.uasset" 663
"A:/MetalForces/Metal-Forces/Content/FirstPerson/Character/Textures/UE4_Mannequin__normals.uasset" 664
"A:/MetalForces/Metal-Forces/Content/FirstPerson/Character/Textures/UE4_Mannequin_MAT_MASKA.uasset" 665
"A:/MetalForces/Metal-Forces/Content/FirstPerson/Character/Materials/M_UE4Man_Body.uasset" 666
"A:/MetalForces/Metal-Forces/Content/FirstPerson/Character/Mesh/SK_Mannequin_Arms_PhysicsAsset.uasset" 667
"A:/MetalForces/Metal-Forces/Content/FirstPerson/Character/Mesh/SK_Mannequin_Arms.uasset" 668
"A:/MetalForces/Metal-Forces/Content/FootstepSound/FootstepsCharacter/Mannequin/Character/Textures/UE4Man_Logo_N.uasset" 669
"A:/MetalForces/Metal-Forces/Content/FootstepSound/FootstepsCharacter/Mannequin/Character/Materials/M_UE4Man_ChestLogo.uasset" 670
"A:/MetalForces/Metal-Forces/Content/FootstepSound/FootstepsCharacter/Mannequin/Character/Mesh/SK_Mannequin.uasset" 671
"A:/MetalForces/Metal-Forces/Content/FootstepSound/Sounds/FootstepsSoundAttenuation.uasset" 672
"A:/MetalForces/Metal-Forces/Content/FootstepSound/Sounds/WaveFiles/Rattle_Stereo/rattle_stereo_1.uasset" 673
"A:/MetalForces/Metal-Forces/Content/FootstepSound/Sounds/WaveFiles/Rattle_Stereo/rattle_stereo_2.uasset" 674
"A:/MetalForces/Metal-Forces/Content/FootstepSound/Sounds/WaveFiles/Rattle_Stereo/rattle_stereo_3.uasset" 675
"A:/MetalForces/Metal-Forces/Content/FootstepSound/Sounds/WaveFiles/Rattle_Stereo/rattle_stereo_4.uasset" 676
"A:/MetalForces/Metal-Forces/Content/FootstepSound/Sounds/WaveFiles/Rattle_Stereo/rattle_stereo_5.uasset" 677
"A:/MetalForces/Metal-Forces/Content/FootstepSound/Sounds/WaveFiles/Rattle_Stereo/rattle_stereo_6.uasset" 678
"A:/MetalForces/Metal-Forces/Content/FootstepSound/Sounds/Sound_Cues/Footsteps.uasset" 679
"A:/MetalForces/Metal-Forces/Content/FootstepSound/Sounds/WaveFiles/Footsteps_Mono/Male/Grass/grass_1.uasset" 680
"A:/MetalForces/Metal-Forces/Content/FootstepSound/Sounds/WaveFiles/Footsteps_Mono/Male/Grass/grass_2.uasset" 681
"A:/MetalForces/Metal-Forces/Content/FootstepSound/Sounds/WaveFiles/Footsteps_Mono/Male/Grass/grass_3.uasset" 682
"A:/MetalForces/Metal-Forces/Content/FootstepSound/Sounds/WaveFiles/Footsteps_Mono/Male/Grass/grass_4.uasset" 683
"A:/MetalForces/Metal-Forces/Content/FootstepSound/Sounds/WaveFiles/Footsteps_Mono/Male/Grass/grass_5.uasset" 684
"A:/MetalForces/Metal-Forces/Content/FootstepSound/Sounds/WaveFiles/Footsteps_Mono/Male/Grass/grass_6.uasset" 685
"A:/MetalForces/Metal-Forces/Content/FootstepSound/Sounds/Sound_Cues/Jump_End.uasset" 686
"A:/MetalForces/Metal-Forces/Content/FootstepSound/Sounds/Sound_Cues/Jump_Start.uasset" 687
"A:/MetalForces/Metal-Forces/Content/GamePlayUi/CharacterWidget.uasset" 688
"A:/MetalForces/Metal-Forces/Content/Operators/TestCharacter.uasset" 689
"A:/MetalForces/Metal-Forces/Content/GamePlayUi/ChangeChar.uasset" 690
"A:/MetalForces/Metal-Forces/Content/HP_System/HP.uasset" 691
"A:/MetalForces/Metal-Forces/Content/Blueprints/OperatorSelect/HeroeSelect.uasset" 692
"A:/MetalForces/Metal-Forces/Content/VFX/Blood.uasset" 693
"A:/MetalForces/Metal-Forces/Content/VFX/Blood_Pa.uasset" 694
"A:/MetalForces/Metal-Forces/Content/Operators/FootstepsCharacter.uasset" 695
"A:/MetalForces/Metal-Forces/Content/Blueprints/Lobby/LobbyGM.uasset" 696
"../../../Engine/Content/Functions/Engine_MaterialFunctions01/Gradient/LinearGradient.uasset" 697
"../../../Engine/Content/Functions/Engine_MaterialFunctions01/ImageAdjustment/CheapContrast.uasset" 698
"../../../Engine/Content/Functions/Engine_MaterialFunctions01/Texturing/DetailTexturing.uasset" 699
"../../../Engine/Content/Functions/Engine_MaterialFunctions02/Texturing/CustomRotator.uasset" 700
"../../../Engine/Content/Functions/Engine_MaterialFunctions01/Texturing/WorldAlignedTexture.uasset" 701
"../../../Engine/Content/Functions/Engine_MaterialFunctions02/Texturing/HeightLerp.uasset" 702
"../../../Engine/Content/Functions/Engine_MaterialFunctions02/Utility/AppendMany.uasset" 703
"A:/MetalForces/Metal-Forces/Content/Environment_Set/Environment/Landscape/Textures/T_ground_forest_grass_06_BC_H.uasset" 704
"A:/MetalForces/Metal-Forces/Content/Environment_Set/Environment/Landscape/Textures/T_ground_forest_grass_06_MT_R_AO.uasset" 705
"A:/MetalForces/Metal-Forces/Content/Environment_Set/Environment/Landscape/Textures/T_ground_forest_grass_06_N.uasset" 706
"A:/MetalForces/Metal-Forces/Content/Environment_Set/Environment/Rocks/Textures/T_big_rock_01_BC.uasset" 707
"A:/MetalForces/Metal-Forces/Content/Environment_Set/Environment/Rocks/Textures/T_big_rock_01_MT_R_AO.uasset" 708
"A:/MetalForces/Metal-Forces/Content/Environment_Set/Environment/Rocks/Textures/T_big_rock_01_N.uasset" 709
"A:/MetalForces/Metal-Forces/Content/Environment_Set/Environment/Rocks/Textures/T_uvfree_rock_07_BC_H.uasset" 710
"A:/MetalForces/Metal-Forces/Content/Environment_Set/Environment/Rocks/Textures/T_uvfree_rock_07_N.uasset" 711
"A:/MetalForces/Metal-Forces/Content/Environment_Set/Environment/Rocks/Materials/M_Dynamic_Cover.uasset" 712
"A:/MetalForces/Metal-Forces/Content/Environment_Set/Environment/Landscape/Textures/T_ground_forest_moss_01_BC_H.uasset" 713
"A:/MetalForces/Metal-Forces/Content/Environment_Set/Environment/Landscape/Textures/T_ground_forest_moss_01_MT_R_AO.uasset" 714
"A:/MetalForces/Metal-Forces/Content/Environment_Set/Environment/Landscape/Textures/T_ground_forest_moss_01_N.uasset" 715
"A:/MetalForces/Metal-Forces/Content/Environment_Set/Environment/Rocks/Materials/MI_DC_Big_Rock_01_2.uasset" 716
"A:/MetalForces/Metal-Forces/Content/Environment_Set/Environment/Rocks/Textures/T_atlas_mid_rocks_BC.uasset" 717
"A:/MetalForces/Metal-Forces/Content/Environment_Set/Environment/Rocks/Textures/T_atlas_mid_rocks_MT_R_AO.uasset" 718
"A:/MetalForces/Metal-Forces/Content/Environment_Set/Environment/Rocks/Textures/T_atlas_mid_rocks_N.uasset" 719
"A:/MetalForces/Metal-Forces/Content/Environment_Set/Environment/Rocks/Materials/M_Rocks.uasset" 720
"A:/MetalForces/Metal-Forces/Content/Environment_Set/Environment/Rocks/Materials/MI_Rocks_Big_01.uasset" 721
"A:/MetalForces/Metal-Forces/Content/Environment_Set/Environment/Rocks/Models/SM_Big_Rock_01.uasset" 722
"A:/MetalForces/Metal-Forces/Content/Environment_Set/Environment/Rocks/Blueprints/SM_Big_Rock_01_Blueprint_2.uasset" 723
"A:/MetalForces/Metal-Forces/Content/Maps/A1_sharedassets/Layer_1_LayerInfo.uasset" 724
"A:/MetalForces/Metal-Forces/Content/Maps/A1_sharedassets/Layer_2_LayerInfo.uasset" 725
"A:/MetalForces/Metal-Forces/Content/Maps/A1_sharedassets/Layer_3_LayerInfo.uasset" 726
"A:/MetalForces/Metal-Forces/Content/Maps/A1_sharedassets/Layer_4_LayerInfo.uasset" 727
"A:/MetalForces/Metal-Forces/Content/Maps/A1_sharedassets/Layer_5_LayerInfo.uasset" 728
"A:/MetalForces/Metal-Forces/Content/Maps/A1_sharedassets/Layer_6_LayerInfo.uasset" 729
"A:/MetalForces/Metal-Forces/Content/Maps/A1_sharedassets/Layer_7_LayerInfo.uasset" 730
"A:/MetalForces/Metal-Forces/Content/Maps/A1_sharedassets/Layer_8_LayerInfo.uasset" 731
"A:/MetalForces/Metal-Forces/Content/Maps/A1_BuiltData.uasset" 732
"A:/MetalForces/Metal-Forces/Content/Meshes/Enviroment/Umgebung/Eisenbahn/Schienen/Gerade/Schiene_Gerade_Material_BaseColor.uasset" 733
"A:/MetalForces/Metal-Forces/Content/Meshes/Enviroment/Umgebung/Eisenbahn/Schienen/Gerade/Schiene_Gerade_Material_Normal.uasset" 734
"A:/MetalForces/Metal-Forces/Content/Meshes/Enviroment/Umgebung/Eisenbahn/Schienen/Gerade/Schiene_Gerade_Material_OcclusionRoughnessMetallic.uasset" 735
"A:/MetalForces/Metal-Forces/Content/Meshes/Enviroment/Umgebung/Eisenbahn/Schienen/Gerade/Material.uasset" 736
"A:/MetalForces/Metal-Forces/Content/Meshes/Enviroment/Umgebung/GasTank/Gastank_DefaultMaterial_BaseColor.uasset" 737
"A:/MetalForces/Metal-Forces/Content/Meshes/Enviroment/Umgebung/GasTank/Gastank_DefaultMaterial_Normal.uasset" 738
"A:/MetalForces/Metal-Forces/Content/Meshes/Enviroment/Umgebung/GasTank/Gastank_DefaultMaterial_OcclusionRoughnessMetallic.uasset" 739
"A:/MetalForces/Metal-Forces/Content/Meshes/Enviroment/Umgebung/GasTank/Gas_Mat.uasset" 740
"A:/MetalForces/Metal-Forces/Content/Meshes/Enviroment/Umgebung/Tonnen/Tonne_DefaultMaterial_BaseColor.uasset" 741
"A:/MetalForces/Metal-Forces/Content/Meshes/Enviroment/Umgebung/Tonnen/Tonne_DefaultMaterial_Normal.uasset" 742
"A:/MetalForces/Metal-Forces/Content/Meshes/Enviroment/Umgebung/Tonnen/Tonne_DefaultMaterial_OcclusionRoughnessMetallic.uasset" 743
"A:/MetalForces/Metal-Forces/Content/Meshes/Enviroment/Umgebung/Tonnen/Ton_1.uasset" 744
"A:/MetalForces/Metal-Forces/Content/Meshes/Enviroment/Umgebung/Wasser_Turm/Wasser_Turm_DefaultMaterial_BaseColor.uasset" 745
"A:/MetalForces/Metal-Forces/Content/Meshes/Enviroment/Umgebung/Wasser_Turm/Wasser_Turm_DefaultMaterial_Normal.uasset" 746
"A:/MetalForces/Metal-Forces/Content/Meshes/Enviroment/Umgebung/Wasser_Turm/Wasser_Turm_DefaultMaterial_OcclusionRoughnessMetallic.uasset" 747
"A:/MetalForces/Metal-Forces/Content/Meshes/Enviroment/Umgebung/Wasser_Turm/Wasser_TurmA1.uasset" 748
"A:/MetalForces/Metal-Forces/Content/Environment_Set/Environment/Landscape/Textures/T_ground_big_pebbles_01_BC_H.uasset" 749
"A:/MetalForces/Metal-Forces/Content/Environment_Set/Environment/Landscape/Textures/T_ground_big_pebbles_01_MT_R_AO.uasset" 750
"A:/MetalForces/Metal-Forces/Content/Environment_Set/Environment/Landscape/Textures/T_ground_big_pebbles_01_N.uasset" 751
"A:/MetalForces/Metal-Forces/Content/Environment_Set/Environment/Landscape/Materials/M_Ground_1.uasset" 752
"A:/MetalForces/Metal-Forces/Content/Environment_Set/Environment/Landscape/Textures/T_ground_rocks_01_BC_H.uasset" 753
"A:/MetalForces/Metal-Forces/Content/Environment_Set/Environment/Landscape/Textures/T_ground_rocks_01_MT_R_AO.uasset" 754
"A:/MetalForces/Metal-Forces/Content/Environment_Set/Environment/Landscape/Textures/T_ground_rocks_01_N.uasset" 755
"A:/MetalForces/Metal-Forces/Content/Environment_Set/Environment/Landscape/Materials/MI_Ground_30.uasset" 756
"../../../Engine/Content/Functions/Engine_MaterialFunctions03/Procedurals/NormalFromHeightmap.uasset" 757
"A:/MetalForces/Metal-Forces/Content/Environment_Set/Environment/Landscape/Textures/T_ground_dirt_04_BC_H.uasset" 758
"A:/MetalForces/Metal-Forces/Content/Environment_Set/Environment/Landscape/Textures/T_ground_dirt_04_MT_R_AO.uasset" 759
"A:/MetalForces/Metal-Forces/Content/Environment_Set/Environment/Landscape/Textures/T_ground_dirt_04_N.uasset" 760
"A:/MetalForces/Metal-Forces/Content/Environment_Set/Environment/Landscape/Textures/T_ground_forest_01_BC_H.uasset" 761
"A:/MetalForces/Metal-Forces/Content/Environment_Set/Environment/Landscape/Textures/T_ground_forest_01_MT_R_AO.uasset" 762
"A:/MetalForces/Metal-Forces/Content/Environment_Set/Environment/Landscape/Textures/T_ground_forest_01_N.uasset" 763
"A:/MetalForces/Metal-Forces/Content/Environment_Set/Environment/Landscape/Textures/T_ground_forest_leaves_03_0_BC_H.uasset" 764
"A:/MetalForces/Metal-Forces/Content/Environment_Set/Environment/Landscape/Textures/T_ground_forest_leaves_03_MT_R_AO.uasset" 765
"A:/MetalForces/Metal-Forces/Content/Environment_Set/Environment/Landscape/Textures/T_ground_forest_leaves_03_N.uasset" 766
"A:/MetalForces/Metal-Forces/Content/Environment_Set/Environment/Landscape/Textures/T_ground_rocks_03_0_BC_H.uasset" 767
"A:/MetalForces/Metal-Forces/Content/Environment_Set/Environment/Landscape/Textures/T_ground_rocks_03_MT_R_AO.uasset" 768
"A:/MetalForces/Metal-Forces/Content/Environment_Set/Environment/Landscape/Textures/T_ground_rocks_03_N.uasset" 769
"A:/MetalForces/Metal-Forces/Content/Environment_Set/Environment/Landscape/Textures/T_ground_roots_01_0_BC_H.uasset" 770
"A:/MetalForces/Metal-Forces/Content/Environment_Set/Environment/Landscape/Textures/T_ground_roots_01_MT_R_AO.uasset" 771
"A:/MetalForces/Metal-Forces/Content/Environment_Set/Environment/Landscape/Textures/T_ground_roots_01_N.uasset" 772
"A:/MetalForces/Metal-Forces/Content/Environment_Set/Environment/Landscape/Textures/T_ground_wet_dirt_04_BC_H.uasset" 773
"A:/MetalForces/Metal-Forces/Content/Environment_Set/Environment/Landscape/Textures/T_ground_wet_dirt_04_MT_R_AO.uasset" 774
"A:/MetalForces/Metal-Forces/Content/Environment_Set/Environment/Landscape/Textures/T_ground_wet_dirt_04_N.uasset" 775
"A:/MetalForces/Metal-Forces/Content/Environment_Set/Environment/Landscape/Materials/M_Terrain_Shader.uasset" 776
"A:/MetalForces/Metal-Forces/Content/Environment_Set/Environment/Landscape/Textures/T_ground_forest_leaves_02_BC_H.uasset" 777
"A:/MetalForces/Metal-Forces/Content/Environment_Set/Environment/Landscape/Textures/T_ground_forest_leaves_02_MT_R_AO.uasset" 778
"A:/MetalForces/Metal-Forces/Content/Environment_Set/Environment/Landscape/Textures/T_ground_forest_leaves_02_N.uasset" 779
"A:/MetalForces/Metal-Forces/Content/Environment_Set/Environment/Landscape/Materials/MI_Terrain_Shader.uasset" 780
"A:/MetalForces/Metal-Forces/Content/Environment_Set/Environment/Foliage/Textures/T_Poplar_bark_01_BC_H.uasset" 781
"A:/MetalForces/Metal-Forces/Content/Environment_Set/Environment/Foliage/Textures/T_Poplar_bark_01_MT_R_AO.uasset" 782
"A:/MetalForces/Metal-Forces/Content/Environment_Set/Environment/Foliage/Textures/T_Poplar_bark_01_N.uasset" 783
"A:/MetalForces/Metal-Forces/Content/Environment_Set/Environment/Foliage/Materials/M_Bark.uasset" 784
"A:/MetalForces/Metal-Forces/Content/Environment_Set/Environment/Foliage/Textures/T_Fir_alba_bark_01_BC.uasset" 785
"A:/MetalForces/Metal-Forces/Content/Environment_Set/Environment/Foliage/Textures/T_Fir_bark_01_MT_R_AO_H.uasset" 786
"A:/MetalForces/Metal-Forces/Content/Environment_Set/Environment/Foliage/Textures/T_Fir_bark_01_N.uasset" 787
"A:/MetalForces/Metal-Forces/Content/Environment_Set/Environment/Foliage/Materials/MI_Bark_Fir_01.uasset" 788
"../../../Engine/Content/Functions/Engine_MaterialFunctions02/Utility/VectorToRadialValue.uasset" 789
"../../../Engine/Content/ArtTools/RenderToTexture/MaterialFunctions/FoliageZRotation.uasset" 790
"../../../Engine/Content/Functions/Engine_MaterialFunctions02/SafeNormalize.uasset" 791
"../../../Engine/Content/Functions/Engine_MaterialFunctions02/Math/CreateThirdOrthogonalVector.uasset" 792
"../../../Engine/Content/Functions/Engine_MaterialFunctions02/Math/Pi.uasset" 793
"../../../Engine/Content/Functions/Engine_MaterialFunctions02/Math/Transform3x3Matrix.uasset" 794
"../../../Engine/Content/ArtTools/RenderToTexture/MaterialFunctions/ImposterUVs.uasset" 795
"../../../Engine/Content/Functions/Engine_MaterialFunctions02/WorldPositionOffset/ObjectScale.uasset" 796
"A:/MetalForces/Metal-Forces/Content/Environment_Set/Environment/Foliage/Textures/T_Poplar_01_Imposter_BC.uasset" 797
"A:/MetalForces/Metal-Forces/Content/Environment_Set/Environment/Foliage/Textures/T_Poplar_01_Imposter_N.uasset" 798
"A:/MetalForces/Metal-Forces/Content/Environment_Set/Environment/Foliage/Materials/M_Imposters.uasset" 799
"A:/MetalForces/Metal-Forces/Content/Environment_Set/Environment/Foliage/Textures/T_Fir_03_Imposter_BC.uasset" 800
"A:/MetalForces/Metal-Forces/Content/Environment_Set/Environment/Foliage/Textures/T_Fir_03_Imposter_N.uasset" 801
"A:/MetalForces/Metal-Forces/Content/Environment_Set/Environment/Foliage/Materials/MI_Imposter_Fir_03.uasset" 802
"../../../Engine/Content/Functions/Engine_MaterialFunctions01/WorldPositionOffset/SimpleGrassWind.uasset" 803
"A:/MetalForces/Metal-Forces/Content/Environment_Set/Environment/Foliage/Textures/T_Poplar_leaves_BC.uasset" 804
"A:/MetalForces/Metal-Forces/Content/Environment_Set/Environment/Foliage/Textures/T_Poplar_leaves_N.uasset" 805
"A:/MetalForces/Metal-Forces/Content/Environment_Set/Environment/Foliage/Textures/T_Poplar_MT_R_AO.uasset" 806
"A:/MetalForces/Metal-Forces/Content/Environment_Set/Environment/Foliage/Materials/M_leaves.uasset" 807
"A:/MetalForces/Metal-Forces/Content/Environment_Set/Environment/Foliage/Textures/T_Fir_leaves_BC_T.uasset" 808
"A:/MetalForces/Metal-Forces/Content/Environment_Set/Environment/Foliage/Textures/T_Fir_leaves_N.uasset" 809
"A:/MetalForces/Metal-Forces/Content/Environment_Set/Environment/Foliage/Materials/MI_leaves_Fir.uasset" 810
"A:/MetalForces/Metal-Forces/Content/Environment_Set/Environment/Foliage/Models/Fir_03_Medium.uasset" 811
"A:/MetalForces/Metal-Forces/Content/Environment_Set/Environment/Foliage/Textures/T_Fir_bark_02_BC.uasset" 812
"A:/MetalForces/Metal-Forces/Content/Environment_Set/Environment/Foliage/Textures/T_Fir_bark_02_MT_R_AO_H.uasset" 813
"A:/MetalForces/Metal-Forces/Content/Environment_Set/Environment/Foliage/Textures/T_Fir_bark_02_N.uasset" 814
"A:/MetalForces/Metal-Forces/Content/Environment_Set/Environment/Foliage/Materials/MI_Bark_Fir_02.uasset" 815
"A:/MetalForces/Metal-Forces/Content/Environment_Set/Environment/Foliage/Textures/T_Fir_bark_03_BC_MASK.uasset" 816
"A:/MetalForces/Metal-Forces/Content/Environment_Set/Environment/Foliage/Textures/T_Fir_bark_03_MT_R_AO_H.uasset" 817
"A:/MetalForces/Metal-Forces/Content/Environment_Set/Environment/Foliage/Textures/T_Fir_bark_03_N.uasset" 818
"A:/MetalForces/Metal-Forces/Content/Environment_Set/Environment/Foliage/Materials/M_Bark_Blended.uasset" 819
"A:/MetalForces/Metal-Forces/Content/Environment_Set/Environment/Foliage/Textures/T_Fir_bark_04_BC_MASK.uasset" 820
"A:/MetalForces/Metal-Forces/Content/Environment_Set/Environment/Foliage/Textures/T_Fir_bark_04_MT_R_AO_H.uasset" 821
"A:/MetalForces/Metal-Forces/Content/Environment_Set/Environment/Foliage/Textures/T_Fir_bark_04_N.uasset" 822
"A:/MetalForces/Metal-Forces/Content/Environment_Set/Environment/Foliage/Materials/MI_Bark_Fir_04_02.uasset" 823
"A:/MetalForces/Metal-Forces/Content/Environment_Set/Environment/Foliage/Textures/T_Fir_05_Imposter_BC.uasset" 824
"A:/MetalForces/Metal-Forces/Content/Environment_Set/Environment/Foliage/Textures/T_Fir_05_Imposter_N.uasset" 825
"A:/MetalForces/Metal-Forces/Content/Environment_Set/Environment/Foliage/Materials/MI_Imposter_Fir_05.uasset" 826
"A:/MetalForces/Metal-Forces/Content/Environment_Set/Environment/Foliage/Models/Fir_05_Standalone.uasset" 827
"A:/MetalForces/Metal-Forces/Content/Environment_Set/Environment/Foliage/Textures/T_Fir_bark_07_BC.uasset" 828
"A:/MetalForces/Metal-Forces/Content/Environment_Set/Environment/Foliage/Textures/T_Fir_bark_07_MT_R_AO_C.uasset" 829
"A:/MetalForces/Metal-Forces/Content/Environment_Set/Environment/Foliage/Textures/T_Fir_bark_07_N.uasset" 830
"A:/MetalForces/Metal-Forces/Content/Environment_Set/Environment/Foliage/Materials/MI_Bark_Fir_dead_02.uasset" 831
"A:/MetalForces/Metal-Forces/Content/Environment_Set/Environment/Foliage/Textures/T_Fir_08_Imposter_BC.uasset" 832
"A:/MetalForces/Metal-Forces/Content/Environment_Set/Environment/Foliage/Textures/T_Fir_08_Imposter_N.uasset" 833
"A:/MetalForces/Metal-Forces/Content/Environment_Set/Environment/Foliage/Materials/MI_Imposter_Fir_08.uasset" 834
"A:/MetalForces/Metal-Forces/Content/Environment_Set/Environment/Foliage/Models/Fir_08_Dead_NoBillboard.uasset" 835
"A:/MetalForces/Metal-Forces/Content/Environment_Set/Environment/Foliage/Textures/T_grass_atlas_01_BC_M.uasset" 836
"A:/MetalForces/Metal-Forces/Content/Environment_Set/Environment/Foliage/Textures/T_grass_atlas_01_MT_R_AO.uasset" 837
"A:/MetalForces/Metal-Forces/Content/Environment_Set/Environment/Foliage/Textures/T_grass_atlas_01_N.uasset" 838
"A:/MetalForces/Metal-Forces/Content/Environment_Set/Environment/Foliage/Textures/T_Hue.uasset" 839
"A:/MetalForces/Metal-Forces/Content/Environment_Set/Environment/Foliage/Materials/M_Grass_Material.uasset" 840
"A:/MetalForces/Metal-Forces/Content/Environment_Set/Environment/Foliage/Textures/T_ground_foliage_03_BC_M.uasset" 841
"A:/MetalForces/Metal-Forces/Content/Environment_Set/Environment/Foliage/Textures/T_ground_foliage_03_MT_R_AO.uasset" 842
"A:/MetalForces/Metal-Forces/Content/Environment_Set/Environment/Foliage/Textures/T_ground_foliage_03_N.uasset" 843
"A:/MetalForces/Metal-Forces/Content/Environment_Set/Environment/Foliage/Materials/MI_Foliage_3_Material.uasset" 844
"A:/MetalForces/Metal-Forces/Content/Environment_Set/Environment/Foliage/Models/SM_ground_foliage_03_SM_ground_foliage_03.uasset" 845
"A:/MetalForces/Metal-Forces/Content/Meshes/Enviroment/Umgebung/Container/Container_Material_BaseColor.uasset" 846
"A:/MetalForces/Metal-Forces/Content/Meshes/Enviroment/Umgebung/Container/Container_Material_Normal.uasset" 847
"A:/MetalForces/Metal-Forces/Content/Meshes/Enviroment/Umgebung/Container/Container_Material_OcclusionRoughnessMetallic.uasset" 848
"A:/MetalForces/Metal-Forces/Content/Meshes/Enviroment/Umgebung/Container/Material.uasset" 849
"A:/MetalForces/Metal-Forces/Content/Meshes/Enviroment/Umgebung/Container/Container.uasset" 850
"A:/MetalForces/Metal-Forces/Content/Meshes/Enviroment/Umgebung/Eisenbahn/Schienen/Gerade/Schiene_Gerade.uasset" 851
"A:/MetalForces/Metal-Forces/Content/Meshes/Enviroment/Umgebung/Eisenbahn/Schienen/Kurve_Kurwa/Material_001.uasset" 852
"A:/MetalForces/Metal-Forces/Content/Meshes/Enviroment/Umgebung/Eisenbahn/Schienen/Kurve_Kurwa/Schiene_Kurfe.uasset" 853
"A:/MetalForces/Metal-Forces/Content/Meshes/Enviroment/Umgebung/GasTank/Gastank.uasset" 854
"A:/MetalForces/Metal-Forces/Content/Meshes/Enviroment/Umgebung/Kisten/Kiste_Material_BaseColor.uasset" 855
"A:/MetalForces/Metal-Forces/Content/Meshes/Enviroment/Umgebung/Kisten/Kiste_Material_Normal.uasset" 856
"A:/MetalForces/Metal-Forces/Content/Meshes/Enviroment/Umgebung/Kisten/Kiste_Material_OcclusionRoughnessMetallic.uasset" 857
"A:/MetalForces/Metal-Forces/Content/Meshes/Enviroment/Umgebung/Kisten/Material.uasset" 858
"A:/MetalForces/Metal-Forces/Content/Meshes/Enviroment/Umgebung/Kisten/Kiste.uasset" 859
"A:/MetalForces/Metal-Forces/Content/Meshes/Enviroment/Umgebung/Palleten/Pallete1A/Paleten_Material_BaseColor.uasset" 860
"A:/MetalForces/Metal-Forces/Content/Meshes/Enviroment/Umgebung/Palleten/Pallete1A/Paleten_Material_Normal.uasset" 861
"A:/MetalForces/Metal-Forces/Content/Meshes/Enviroment/Umgebung/Palleten/Pallete1A/Paleten_Material_OcclusionRoughnessMetallic.uasset" 862
"A:/MetalForces/Metal-Forces/Content/Meshes/Enviroment/Umgebung/Palleten/Pallete1A/Material.uasset" 863
"A:/MetalForces/Metal-Forces/Content/Meshes/Enviroment/Umgebung/Palleten/Pallete1A/Paleten.uasset" 864
"A:/MetalForces/Metal-Forces/Content/Meshes/Enviroment/Umgebung/Tonnen/Tonne__1_.uasset" 865
"A:/MetalForces/Metal-Forces/Content/Meshes/Enviroment/Umgebung/Wasser_Turm/Wasser_Turm.uasset" 866
"A:/MetalForces/Metal-Forces/Content/Maps/A1.umap" 867
